[2024-03-12 18:32:18,981][root][INFO] - CFG's local_rank=-1
[2024-03-12 18:32:18,981][root][INFO] - Env WORLD_SIZE=None
[2024-03-12 18:32:18,981][root][INFO] - Initialized host ip-172-31-67-199.ec2.internal as d.rank -1 on device=cuda, n_gpu=1, world size=1
[2024-03-12 18:32:18,981][root][INFO] - 16-bits training: False 
[2024-03-12 18:32:18,982][root][INFO] - CFG (after gpu  configuration):
[2024-03-12 18:32:18,985][root][INFO] - encoder:
  encoder_model_type: hf_bert
  pretrained_model_cfg: bert-base-uncased
  pretrained_file: null
  projection_dim: 0
  sequence_length: 2048
  dropout: 0.1
  fix_ctx_encoder: false
  pretrained: true
train:
  eval_step: 2000
  batch_size: 16
  dev_batch_size: 24
  adam_eps: 1.0e-08
  adam_betas: (0.9, 0.999)
  max_grad_norm: 1.0
  log_batch_step: 100
  train_rolling_loss_step: 100
  weight_decay: 0.0
  learning_rate: 1.0e-05
  warmup_steps: 0
  gradient_accumulation_steps: 1
  num_train_epochs: 100000
model_file: dpr/downloads/checkpoint/reader/nq-trivia-hybrid/hf-bert-base.cp
do_lower_case: true
seed: 42
train_files: null
dev_files: /home/ec2-user/11711-a2/DPR/dpr/workdir/test_retriever_output.json
passages_per_question: 24
passages_per_question_predict: 20
output_dir: null
max_n_answers: 10
max_answer_length: 40
eval_top_docs:
- 20
- 100
checkpoint_file_name: dpr_extractive_reader
prediction_results_file: /home/ec2-user/11711-a2/DPR/dpr/workdir/test_reader_output.json
fully_resumable: false
gold_passages_src: null
gold_passages_src_dev: null
num_workers: 16
local_rank: -1
global_loss_buf_sz: 150000
device: cuda
distributed_world_size: 1
distributed_port: null
no_cuda: false
n_gpu: 1
fp16: false
fp16_opt_level: O1
special_tokens: null

[2024-03-12 18:32:18,985][root][INFO] - ***** Initializing components for training *****
[2024-03-12 18:32:18,985][root][INFO] - Checkpoint files []
[2024-03-12 18:32:19,882][dpr.models.hf_models][INFO] - Initializing HF BERT Encoder. cfg_name=bert-base-uncased
[2024-03-12 18:32:20,263][root][INFO] - No train files are specified. Run validation.
[2024-03-12 18:32:20,263][root][INFO] - Validation ...
[2024-03-12 18:32:20,264][root][INFO] - Data files: ['/home/ec2-user/11711-a2/DPR/dpr/workdir/test_retriever_output.json']
[2024-03-12 18:32:20,264][root][INFO] - Data are not preprocessed for reader training. Start pre-processing ...
[2024-03-12 18:32:20,313][root][INFO] - Loaded 100 questions + retrieval results from /home/ec2-user/11711-a2/DPR/dpr/workdir/test_retriever_output.json
[2024-03-12 18:32:20,420][root][INFO] - Split data into 15 chunks
[2024-03-12 18:32:20,455][root][INFO] - Start batch 7
[2024-03-12 18:32:20,465][root][INFO] - Start batch 7
[2024-03-12 18:32:20,482][root][INFO] - Start batch 7
[2024-03-12 18:32:20,498][root][INFO] - Start batch 7
[2024-03-12 18:32:20,509][root][INFO] - Start batch 7
[2024-03-12 18:32:20,526][root][INFO] - Start batch 7
[2024-03-12 18:32:20,543][root][INFO] - Start batch 7
[2024-03-12 18:32:20,574][root][INFO] - Start batch 7
[2024-03-12 18:32:20,614][root][INFO] - Start batch 7
[2024-03-12 18:32:20,688][root][INFO] - Start batch 7
[2024-03-12 18:32:20,745][root][INFO] - Start batch 7
[2024-03-12 18:32:20,760][root][INFO] - Start batch 7
[2024-03-12 18:32:20,847][root][INFO] - Start batch 7
[2024-03-12 18:32:20,925][root][INFO] - Start batch 7
[2024-03-12 18:32:20,959][root][INFO] - Start batch 2
[2024-03-12 18:32:23,130][root][INFO] - no positive passages samples: 0
[2024-03-12 18:32:23,130][root][INFO] - positive passages from gold samples: 0
[2024-03-12 18:32:23,131][root][INFO] - Serialize 2 results to /home/ec2-user/11711-a2/DPR/dpr/workdir/test_retriever_output.14.pkl
[2024-03-12 18:32:25,863][root][INFO] - no positive passages samples: 0
[2024-03-12 18:32:25,864][root][INFO] - positive passages from gold samples: 0
[2024-03-12 18:32:25,865][root][INFO] - Serialize 7 results to /home/ec2-user/11711-a2/DPR/dpr/workdir/test_retriever_output.2.pkl
[2024-03-12 18:32:25,884][root][INFO] - no positive passages samples: 0
[2024-03-12 18:32:25,885][root][INFO] - positive passages from gold samples: 0
[2024-03-12 18:32:25,885][root][INFO] - Serialize 7 results to /home/ec2-user/11711-a2/DPR/dpr/workdir/test_retriever_output.6.pkl
[2024-03-12 18:32:26,115][root][INFO] - no positive passages samples: 0
[2024-03-12 18:32:26,120][root][INFO] - positive passages from gold samples: 0
[2024-03-12 18:32:26,121][root][INFO] - Serialize 7 results to /home/ec2-user/11711-a2/DPR/dpr/workdir/test_retriever_output.5.pkl
[2024-03-12 18:32:26,395][root][INFO] - no positive passages samples: 0
[2024-03-12 18:32:26,395][root][INFO] - positive passages from gold samples: 0
[2024-03-12 18:32:26,396][root][INFO] - Serialize 7 results to /home/ec2-user/11711-a2/DPR/dpr/workdir/test_retriever_output.1.pkl
[2024-03-12 18:32:26,511][root][INFO] - no positive passages samples: 0
[2024-03-12 18:32:26,512][root][INFO] - positive passages from gold samples: 0
[2024-03-12 18:32:26,512][root][INFO] - Serialize 7 results to /home/ec2-user/11711-a2/DPR/dpr/workdir/test_retriever_output.4.pkl
[2024-03-12 18:32:26,611][root][INFO] - no positive passages samples: 0
[2024-03-12 18:32:26,611][root][INFO] - positive passages from gold samples: 0
[2024-03-12 18:32:26,613][root][INFO] - Serialize 7 results to /home/ec2-user/11711-a2/DPR/dpr/workdir/test_retriever_output.8.pkl
[2024-03-12 18:32:27,027][root][INFO] - no positive passages samples: 0
[2024-03-12 18:32:27,027][root][INFO] - positive passages from gold samples: 0
[2024-03-12 18:32:27,028][root][INFO] - Serialize 7 results to /home/ec2-user/11711-a2/DPR/dpr/workdir/test_retriever_output.12.pkl
[2024-03-12 18:32:27,030][root][INFO] - no positive passages samples: 0
[2024-03-12 18:32:27,030][root][INFO] - positive passages from gold samples: 0
[2024-03-12 18:32:27,030][root][INFO] - Serialize 7 results to /home/ec2-user/11711-a2/DPR/dpr/workdir/test_retriever_output.3.pkl
[2024-03-12 18:32:27,041][root][INFO] - no positive passages samples: 0
[2024-03-12 18:32:27,041][root][INFO] - positive passages from gold samples: 0
[2024-03-12 18:32:27,041][root][INFO] - Serialize 7 results to /home/ec2-user/11711-a2/DPR/dpr/workdir/test_retriever_output.0.pkl
[2024-03-12 18:32:27,064][root][INFO] - no positive passages samples: 0
[2024-03-12 18:32:27,065][root][INFO] - positive passages from gold samples: 0
[2024-03-12 18:32:27,065][root][INFO] - Serialize 7 results to /home/ec2-user/11711-a2/DPR/dpr/workdir/test_retriever_output.11.pkl
[2024-03-12 18:32:27,097][root][INFO] - no positive passages samples: 0
[2024-03-12 18:32:27,097][root][INFO] - positive passages from gold samples: 0
[2024-03-12 18:32:27,097][root][INFO] - Serialize 7 results to /home/ec2-user/11711-a2/DPR/dpr/workdir/test_retriever_output.13.pkl
[2024-03-12 18:32:27,111][root][INFO] - no positive passages samples: 0
[2024-03-12 18:32:27,111][root][INFO] - positive passages from gold samples: 0
[2024-03-12 18:32:27,112][root][INFO] - Serialize 7 results to /home/ec2-user/11711-a2/DPR/dpr/workdir/test_retriever_output.7.pkl
[2024-03-12 18:32:27,178][root][INFO] - no positive passages samples: 0
[2024-03-12 18:32:27,178][root][INFO] - positive passages from gold samples: 0
[2024-03-12 18:32:27,178][root][INFO] - Serialize 7 results to /home/ec2-user/11711-a2/DPR/dpr/workdir/test_retriever_output.10.pkl
[2024-03-12 18:32:27,232][root][INFO] - no positive passages samples: 0
[2024-03-12 18:32:27,232][root][INFO] - positive passages from gold samples: 0
[2024-03-12 18:32:27,233][root][INFO] - Serialize 7 results to /home/ec2-user/11711-a2/DPR/dpr/workdir/test_retriever_output.9.pkl
[2024-03-12 18:32:27,238][root][INFO] - Chunks processed 1
[2024-03-12 18:32:27,238][root][INFO] - Data saved to /home/ec2-user/11711-a2/DPR/dpr/workdir/test_retriever_output.0.pkl
[2024-03-12 18:32:27,238][root][INFO] - Chunks processed 2
[2024-03-12 18:32:27,238][root][INFO] - Data saved to /home/ec2-user/11711-a2/DPR/dpr/workdir/test_retriever_output.1.pkl
[2024-03-12 18:32:27,238][root][INFO] - Chunks processed 3
[2024-03-12 18:32:27,238][root][INFO] - Data saved to /home/ec2-user/11711-a2/DPR/dpr/workdir/test_retriever_output.2.pkl
[2024-03-12 18:32:27,238][root][INFO] - Chunks processed 4
[2024-03-12 18:32:27,238][root][INFO] - Data saved to /home/ec2-user/11711-a2/DPR/dpr/workdir/test_retriever_output.3.pkl
[2024-03-12 18:32:27,238][root][INFO] - Chunks processed 5
[2024-03-12 18:32:27,238][root][INFO] - Data saved to /home/ec2-user/11711-a2/DPR/dpr/workdir/test_retriever_output.4.pkl
[2024-03-12 18:32:27,238][root][INFO] - Chunks processed 6
[2024-03-12 18:32:27,238][root][INFO] - Data saved to /home/ec2-user/11711-a2/DPR/dpr/workdir/test_retriever_output.5.pkl
[2024-03-12 18:32:27,239][root][INFO] - Chunks processed 7
[2024-03-12 18:32:27,239][root][INFO] - Data saved to /home/ec2-user/11711-a2/DPR/dpr/workdir/test_retriever_output.6.pkl
[2024-03-12 18:32:27,239][root][INFO] - Chunks processed 8
[2024-03-12 18:32:27,239][root][INFO] - Data saved to /home/ec2-user/11711-a2/DPR/dpr/workdir/test_retriever_output.7.pkl
[2024-03-12 18:32:27,239][root][INFO] - Chunks processed 9
[2024-03-12 18:32:27,239][root][INFO] - Data saved to /home/ec2-user/11711-a2/DPR/dpr/workdir/test_retriever_output.8.pkl
[2024-03-12 18:32:27,239][root][INFO] - Chunks processed 10
[2024-03-12 18:32:27,239][root][INFO] - Data saved to /home/ec2-user/11711-a2/DPR/dpr/workdir/test_retriever_output.9.pkl
[2024-03-12 18:32:27,239][root][INFO] - Chunks processed 11
[2024-03-12 18:32:27,239][root][INFO] - Data saved to /home/ec2-user/11711-a2/DPR/dpr/workdir/test_retriever_output.10.pkl
[2024-03-12 18:32:27,239][root][INFO] - Chunks processed 12
[2024-03-12 18:32:27,239][root][INFO] - Data saved to /home/ec2-user/11711-a2/DPR/dpr/workdir/test_retriever_output.11.pkl
[2024-03-12 18:32:27,239][root][INFO] - Chunks processed 13
[2024-03-12 18:32:27,239][root][INFO] - Data saved to /home/ec2-user/11711-a2/DPR/dpr/workdir/test_retriever_output.12.pkl
[2024-03-12 18:32:27,239][root][INFO] - Chunks processed 14
[2024-03-12 18:32:27,239][root][INFO] - Data saved to /home/ec2-user/11711-a2/DPR/dpr/workdir/test_retriever_output.13.pkl
[2024-03-12 18:32:27,239][root][INFO] - Chunks processed 15
[2024-03-12 18:32:27,239][root][INFO] - Data saved to /home/ec2-user/11711-a2/DPR/dpr/workdir/test_retriever_output.14.pkl
[2024-03-12 18:32:27,239][root][INFO] - Preprocessed data stored in ['/home/ec2-user/11711-a2/DPR/dpr/workdir/test_retriever_output.0.pkl', '/home/ec2-user/11711-a2/DPR/dpr/workdir/test_retriever_output.1.pkl', '/home/ec2-user/11711-a2/DPR/dpr/workdir/test_retriever_output.2.pkl', '/home/ec2-user/11711-a2/DPR/dpr/workdir/test_retriever_output.3.pkl', '/home/ec2-user/11711-a2/DPR/dpr/workdir/test_retriever_output.4.pkl', '/home/ec2-user/11711-a2/DPR/dpr/workdir/test_retriever_output.5.pkl', '/home/ec2-user/11711-a2/DPR/dpr/workdir/test_retriever_output.6.pkl', '/home/ec2-user/11711-a2/DPR/dpr/workdir/test_retriever_output.7.pkl', '/home/ec2-user/11711-a2/DPR/dpr/workdir/test_retriever_output.8.pkl', '/home/ec2-user/11711-a2/DPR/dpr/workdir/test_retriever_output.9.pkl', '/home/ec2-user/11711-a2/DPR/dpr/workdir/test_retriever_output.10.pkl', '/home/ec2-user/11711-a2/DPR/dpr/workdir/test_retriever_output.11.pkl', '/home/ec2-user/11711-a2/DPR/dpr/workdir/test_retriever_output.12.pkl', '/home/ec2-user/11711-a2/DPR/dpr/workdir/test_retriever_output.13.pkl', '/home/ec2-user/11711-a2/DPR/dpr/workdir/test_retriever_output.14.pkl']
[2024-03-12 18:32:27,280][root][INFO] - Reading file /home/ec2-user/11711-a2/DPR/dpr/workdir/test_retriever_output.0.pkl
[2024-03-12 18:32:27,283][root][INFO] - Aggregated data size: 7
[2024-03-12 18:32:27,283][root][INFO] - Reading file /home/ec2-user/11711-a2/DPR/dpr/workdir/test_retriever_output.1.pkl
[2024-03-12 18:32:27,285][root][INFO] - Aggregated data size: 14
[2024-03-12 18:32:27,285][root][INFO] - Reading file /home/ec2-user/11711-a2/DPR/dpr/workdir/test_retriever_output.2.pkl
[2024-03-12 18:32:27,288][root][INFO] - Aggregated data size: 21
[2024-03-12 18:32:27,288][root][INFO] - Reading file /home/ec2-user/11711-a2/DPR/dpr/workdir/test_retriever_output.3.pkl
[2024-03-12 18:32:27,290][root][INFO] - Aggregated data size: 28
[2024-03-12 18:32:27,290][root][INFO] - Reading file /home/ec2-user/11711-a2/DPR/dpr/workdir/test_retriever_output.4.pkl
[2024-03-12 18:32:27,292][root][INFO] - Aggregated data size: 35
[2024-03-12 18:32:27,293][root][INFO] - Reading file /home/ec2-user/11711-a2/DPR/dpr/workdir/test_retriever_output.5.pkl
[2024-03-12 18:32:27,295][root][INFO] - Aggregated data size: 42
[2024-03-12 18:32:27,295][root][INFO] - Reading file /home/ec2-user/11711-a2/DPR/dpr/workdir/test_retriever_output.6.pkl
[2024-03-12 18:32:27,297][root][INFO] - Aggregated data size: 49
[2024-03-12 18:32:27,297][root][INFO] - Reading file /home/ec2-user/11711-a2/DPR/dpr/workdir/test_retriever_output.7.pkl
[2024-03-12 18:32:27,299][root][INFO] - Aggregated data size: 56
[2024-03-12 18:32:27,299][root][INFO] - Reading file /home/ec2-user/11711-a2/DPR/dpr/workdir/test_retriever_output.8.pkl
[2024-03-12 18:32:27,400][root][INFO] - Aggregated data size: 63
[2024-03-12 18:32:27,400][root][INFO] - Reading file /home/ec2-user/11711-a2/DPR/dpr/workdir/test_retriever_output.9.pkl
[2024-03-12 18:32:27,402][root][INFO] - Aggregated data size: 70
[2024-03-12 18:32:27,402][root][INFO] - Reading file /home/ec2-user/11711-a2/DPR/dpr/workdir/test_retriever_output.10.pkl
[2024-03-12 18:32:27,404][root][INFO] - Aggregated data size: 77
[2024-03-12 18:32:27,405][root][INFO] - Reading file /home/ec2-user/11711-a2/DPR/dpr/workdir/test_retriever_output.11.pkl
[2024-03-12 18:32:27,407][root][INFO] - Aggregated data size: 84
[2024-03-12 18:32:27,407][root][INFO] - Reading file /home/ec2-user/11711-a2/DPR/dpr/workdir/test_retriever_output.12.pkl
[2024-03-12 18:32:27,410][root][INFO] - Aggregated data size: 91
[2024-03-12 18:32:27,410][root][INFO] - Reading file /home/ec2-user/11711-a2/DPR/dpr/workdir/test_retriever_output.13.pkl
[2024-03-12 18:32:27,413][root][INFO] - Aggregated data size: 98
[2024-03-12 18:32:27,413][root][INFO] - Reading file /home/ec2-user/11711-a2/DPR/dpr/workdir/test_retriever_output.14.pkl
[2024-03-12 18:32:27,413][root][INFO] - Aggregated data size: 100
[2024-03-12 18:32:27,414][root][INFO] - Total data size: 100
[2024-03-12 18:32:27,414][root][INFO] - Calculating shard positions
[2024-03-12 18:32:27,414][root][INFO] - samples_per_shard=100, shard_start_idx=0, shard_end_idx=100, max_iterations=4
