[2024-03-12 15:31:46,358][root][INFO] - CFG's local_rank=-1
[2024-03-12 15:31:46,359][root][INFO] - Env WORLD_SIZE=None
[2024-03-12 15:31:46,359][root][INFO] - Initialized host ip-172-31-67-199.ec2.internal as d.rank -1 on device=cuda, n_gpu=1, world size=1
[2024-03-12 15:31:46,359][root][INFO] - 16-bits training: False 
[2024-03-12 15:31:46,359][root][INFO] - Reading saved model from /home/ec2-user/11711-a2/DPR/dpr/workdir/dpr_biencoder.29
[2024-03-12 15:31:47,147][root][INFO] - model_state_dict keys dict_keys(['model_dict', 'optimizer_dict', 'scheduler_dict', 'offset', 'epoch', 'encoder_params'])
[2024-03-12 15:31:47,148][root][INFO] - CFG:
[2024-03-12 15:31:47,150][root][INFO] - encoder:
  encoder_model_type: hf_bert
  pretrained_model_cfg: bert-base-uncased
  pretrained_file: null
  projection_dim: 0
  sequence_length: 256
  dropout: 0.1
  fix_ctx_encoder: false
  pretrained: true
ctx_sources:
  dpr_wiki:
    _target_: dpr.data.retriever_data.CsvCtxSrc
    file: data.wikipedia_split.psgs_w100
    id_prefix: 'wiki:'
  cmu_lti:
    _target_: dpr.data.retriever_data.CsvCtxSrc
    file: /home/ec2-user/11711-a2/11711-End-to-end-NLP-System-Building/chunked_doc.tsv
    id_prefix: 'cmu_lti:'
model_file: /home/ec2-user/11711-a2/DPR/dpr/workdir/dpr_biencoder.29
ctx_src: cmu_lti
encoder_type: ctx
out_file: /home/ec2-user/11711-a2/DPR/dpr/workdir
do_lower_case: true
shard_id: 0
num_shards: 1
batch_size: 32
tables_as_passages: false
special_tokens: null
tables_chunk_sz: 100
tables_split_type: type1
local_rank: -1
device: cuda
distributed_world_size: 1
distributed_port: null
no_cuda: false
n_gpu: 1
fp16: false
fp16_opt_level: O1

[2024-03-12 15:31:48,043][dpr.models.hf_models][INFO] - Initializing HF BERT Encoder. cfg_name=bert-base-uncased
[2024-03-12 15:31:48,343][dpr.models.hf_models][INFO] - Initializing HF BERT Encoder. cfg_name=bert-base-uncased
[2024-03-12 15:31:48,757][root][INFO] - Loading saved model state ...
[2024-03-12 15:31:48,801][root][INFO] - reading data source: cmu_lti
[2024-03-12 15:31:48,803][dpr.data.retriever_data][INFO] - Reading file /home/ec2-user/11711-a2/11711-End-to-end-NLP-System-Building/chunked_doc.tsv
[2024-03-12 15:31:48,843][root][INFO] - Producing encodings for passages range: 0 to 14171 (out of total 14171)
[2024-03-12 15:31:49,962][root][INFO] - Encoded passages 160
[2024-03-12 15:31:50,647][root][INFO] - Encoded passages 320
[2024-03-12 15:31:51,334][root][INFO] - Encoded passages 480
[2024-03-12 15:31:52,018][root][INFO] - Encoded passages 640
[2024-03-12 15:31:52,717][root][INFO] - Encoded passages 800
[2024-03-12 15:31:53,424][root][INFO] - Encoded passages 960
[2024-03-12 15:31:54,134][root][INFO] - Encoded passages 1120
[2024-03-12 15:31:54,829][root][INFO] - Encoded passages 1280
[2024-03-12 15:31:55,510][root][INFO] - Encoded passages 1440
[2024-03-12 15:31:56,193][root][INFO] - Encoded passages 1600
[2024-03-12 15:31:56,888][root][INFO] - Encoded passages 1760
[2024-03-12 15:31:57,589][root][INFO] - Encoded passages 1920
[2024-03-12 15:31:58,287][root][INFO] - Encoded passages 2080
[2024-03-12 15:31:58,980][root][INFO] - Encoded passages 2240
[2024-03-12 15:31:59,671][root][INFO] - Encoded passages 2400
[2024-03-12 15:32:00,364][root][INFO] - Encoded passages 2560
[2024-03-12 15:32:01,053][root][INFO] - Encoded passages 2720
[2024-03-12 15:32:01,749][root][INFO] - Encoded passages 2880
[2024-03-12 15:32:02,451][root][INFO] - Encoded passages 3040
[2024-03-12 15:32:03,154][root][INFO] - Encoded passages 3200
[2024-03-12 15:32:03,860][root][INFO] - Encoded passages 3360
[2024-03-12 15:32:04,564][root][INFO] - Encoded passages 3520
[2024-03-12 15:32:05,265][root][INFO] - Encoded passages 3680
[2024-03-12 15:32:05,965][root][INFO] - Encoded passages 3840
[2024-03-12 15:32:06,663][root][INFO] - Encoded passages 4000
[2024-03-12 15:32:07,361][root][INFO] - Encoded passages 4160
[2024-03-12 15:32:08,061][root][INFO] - Encoded passages 4320
[2024-03-12 15:32:08,762][root][INFO] - Encoded passages 4480
[2024-03-12 15:32:09,463][root][INFO] - Encoded passages 4640
[2024-03-12 15:32:10,163][root][INFO] - Encoded passages 4800
[2024-03-12 15:32:10,865][root][INFO] - Encoded passages 4960
[2024-03-12 15:32:11,566][root][INFO] - Encoded passages 5120
[2024-03-12 15:32:12,266][root][INFO] - Encoded passages 5280
[2024-03-12 15:32:12,967][root][INFO] - Encoded passages 5440
[2024-03-12 15:32:13,669][root][INFO] - Encoded passages 5600
[2024-03-12 15:32:14,369][root][INFO] - Encoded passages 5760
[2024-03-12 15:32:15,070][root][INFO] - Encoded passages 5920
[2024-03-12 15:32:15,767][root][INFO] - Encoded passages 6080
[2024-03-12 15:32:16,469][root][INFO] - Encoded passages 6240
[2024-03-12 15:32:17,170][root][INFO] - Encoded passages 6400
[2024-03-12 15:32:17,864][root][INFO] - Encoded passages 6560
[2024-03-12 15:32:18,549][root][INFO] - Encoded passages 6720
[2024-03-12 15:32:19,243][root][INFO] - Encoded passages 6880
[2024-03-12 15:32:19,935][root][INFO] - Encoded passages 7040
[2024-03-12 15:32:20,627][root][INFO] - Encoded passages 7200
[2024-03-12 15:32:21,321][root][INFO] - Encoded passages 7360
[2024-03-12 15:32:22,015][root][INFO] - Encoded passages 7520
[2024-03-12 15:32:22,710][root][INFO] - Encoded passages 7680
[2024-03-12 15:32:23,399][root][INFO] - Encoded passages 7840
[2024-03-12 15:32:24,088][root][INFO] - Encoded passages 8000
[2024-03-12 15:32:24,775][root][INFO] - Encoded passages 8160
[2024-03-12 15:32:25,463][root][INFO] - Encoded passages 8320
[2024-03-12 15:32:26,156][root][INFO] - Encoded passages 8480
[2024-03-12 15:32:26,851][root][INFO] - Encoded passages 8640
[2024-03-12 15:32:27,552][root][INFO] - Encoded passages 8800
[2024-03-12 15:32:28,252][root][INFO] - Encoded passages 8960
[2024-03-12 15:32:28,954][root][INFO] - Encoded passages 9120
[2024-03-12 15:32:29,656][root][INFO] - Encoded passages 9280
[2024-03-12 15:32:30,356][root][INFO] - Encoded passages 9440
[2024-03-12 15:32:31,056][root][INFO] - Encoded passages 9600
[2024-03-12 15:32:31,755][root][INFO] - Encoded passages 9760
[2024-03-12 15:32:32,454][root][INFO] - Encoded passages 9920
[2024-03-12 15:32:33,155][root][INFO] - Encoded passages 10080
[2024-03-12 15:32:33,856][root][INFO] - Encoded passages 10240
[2024-03-12 15:32:34,556][root][INFO] - Encoded passages 10400
[2024-03-12 15:32:35,256][root][INFO] - Encoded passages 10560
[2024-03-12 15:32:35,957][root][INFO] - Encoded passages 10720
[2024-03-12 15:32:36,657][root][INFO] - Encoded passages 10880
[2024-03-12 15:32:37,361][root][INFO] - Encoded passages 11040
[2024-03-12 15:32:38,061][root][INFO] - Encoded passages 11200
[2024-03-12 15:32:38,763][root][INFO] - Encoded passages 11360
[2024-03-12 15:32:39,463][root][INFO] - Encoded passages 11520
[2024-03-12 15:32:40,163][root][INFO] - Encoded passages 11680
[2024-03-12 15:32:40,864][root][INFO] - Encoded passages 11840
[2024-03-12 15:32:41,568][root][INFO] - Encoded passages 12000
[2024-03-12 15:32:42,269][root][INFO] - Encoded passages 12160
[2024-03-12 15:32:42,971][root][INFO] - Encoded passages 12320
[2024-03-12 15:32:43,658][root][INFO] - Encoded passages 12480
[2024-03-12 15:32:44,353][root][INFO] - Encoded passages 12640
[2024-03-12 15:32:45,042][root][INFO] - Encoded passages 12800
[2024-03-12 15:32:45,731][root][INFO] - Encoded passages 12960
[2024-03-12 15:32:46,420][root][INFO] - Encoded passages 13120
[2024-03-12 15:32:47,112][root][INFO] - Encoded passages 13280
[2024-03-12 15:32:47,795][root][INFO] - Encoded passages 13440
[2024-03-12 15:32:48,488][root][INFO] - Encoded passages 13600
[2024-03-12 15:32:49,180][root][INFO] - Encoded passages 13760
[2024-03-12 15:32:49,869][root][INFO] - Encoded passages 13920
[2024-03-12 15:32:50,559][root][INFO] - Encoded passages 14080
[2024-03-12 15:32:50,954][root][INFO] - Writing results to /home/ec2-user/11711-a2/DPR/dpr/workdir_0
[2024-03-12 15:32:51,026][root][INFO] - Total passages processed 14171. Written to /home/ec2-user/11711-a2/DPR/dpr/workdir_0
