[2024-03-13 01:03:38,928][root][INFO] - CFG's local_rank=-1
[2024-03-13 01:03:38,928][root][INFO] - Env WORLD_SIZE=None
[2024-03-13 01:03:38,928][root][INFO] - Initialized host ip-172-31-67-199.ec2.internal as d.rank -1 on device=cuda, n_gpu=1, world size=1
[2024-03-13 01:03:38,929][root][INFO] - 16-bits training: False 
[2024-03-13 01:03:38,929][root][INFO] - Reading saved model from /home/ec2-user/11711-a2/DPR/dpr/downloads/checkpoint/retriever/multiset/bert-base-encoder.cp
[2024-03-13 01:03:39,201][root][INFO] - model_state_dict keys odict_keys(['model_dict', 'optimizer_dict', 'scheduler_dict', 'offset', 'epoch', 'encoder_params'])
[2024-03-13 01:03:39,202][root][INFO] - CFG:
[2024-03-13 01:03:39,204][root][INFO] - encoder:
  encoder_model_type: hf_bert
  pretrained_model_cfg: bert-base-uncased
  pretrained_file: null
  projection_dim: 0
  sequence_length: 512
  dropout: 0.1
  fix_ctx_encoder: false
  pretrained: true
ctx_sources:
  dpr_wiki:
    _target_: dpr.data.retriever_data.CsvCtxSrc
    file: data.wikipedia_split.psgs_w100
    id_prefix: 'wiki:'
  cmu_lti:
    _target_: dpr.data.retriever_data.CsvCtxSrc
    file: /home/ec2-user/11711-a2/data/chunked_contexts/chunked_doc.tsv
    id_prefix: 'cmu_lti:'
  cmu_lti_papers:
    _target_: dpr.data.retriever_data.CsvCtxSrc
    file: /home/ec2-user/11711-a2/data/chunked_contexts/chunked_doc_papers.tsv
    id_prefix: 'cmu_lti:'
model_file: /home/ec2-user/11711-a2/DPR/dpr/downloads/checkpoint/retriever/multiset/bert-base-encoder.cp
ctx_src: cmu_lti
encoder_type: ctx
out_file: /home/ec2-user/11711-a2/data/context_emb/ctx_emb
do_lower_case: true
shard_id: 0
num_shards: 1
batch_size: 32
tables_as_passages: false
special_tokens: null
tables_chunk_sz: 100
tables_split_type: type1
local_rank: -1
device: cuda
distributed_world_size: 1
distributed_port: null
no_cuda: false
n_gpu: 1
fp16: false
fp16_opt_level: O1

[2024-03-13 01:03:40,109][dpr.models.hf_models][INFO] - Initializing HF BERT Encoder. cfg_name=bert-base-uncased
[2024-03-13 01:03:40,358][dpr.models.hf_models][INFO] - Initializing HF BERT Encoder. cfg_name=bert-base-uncased
[2024-03-13 01:03:40,714][root][INFO] - Loading saved model state ...
[2024-03-13 01:03:40,759][root][INFO] - reading data source: cmu_lti
[2024-03-13 01:03:40,761][dpr.data.retriever_data][INFO] - Reading file /home/ec2-user/11711-a2/data/chunked_contexts/chunked_doc.tsv
[2024-03-13 01:03:40,788][root][INFO] - Producing encodings for passages range: 0 to 2948 (out of total 2948)
[2024-03-13 01:03:43,070][root][INFO] - Encoded passages 160
[2024-03-13 01:03:44,926][root][INFO] - Encoded passages 320
[2024-03-13 01:03:46,775][root][INFO] - Encoded passages 480
[2024-03-13 01:03:48,623][root][INFO] - Encoded passages 640
[2024-03-13 01:03:50,455][root][INFO] - Encoded passages 800
[2024-03-13 01:03:52,264][root][INFO] - Encoded passages 960
[2024-03-13 01:03:54,056][root][INFO] - Encoded passages 1120
[2024-03-13 01:03:55,834][root][INFO] - Encoded passages 1280
[2024-03-13 01:03:57,686][root][INFO] - Encoded passages 1440
[2024-03-13 01:03:59,540][root][INFO] - Encoded passages 1600
[2024-03-13 01:04:01,396][root][INFO] - Encoded passages 1760
[2024-03-13 01:04:03,250][root][INFO] - Encoded passages 1920
[2024-03-13 01:04:05,100][root][INFO] - Encoded passages 2080
[2024-03-13 01:04:06,956][root][INFO] - Encoded passages 2240
[2024-03-13 01:04:08,809][root][INFO] - Encoded passages 2400
[2024-03-13 01:04:10,665][root][INFO] - Encoded passages 2560
[2024-03-13 01:04:12,519][root][INFO] - Encoded passages 2720
[2024-03-13 01:04:14,372][root][INFO] - Encoded passages 2880
[2024-03-13 01:04:15,142][root][INFO] - Writing results to /home/ec2-user/11711-a2/data/context_emb/ctx_emb_0
[2024-03-13 01:04:15,175][root][INFO] - Total passages processed 2948. Written to /home/ec2-user/11711-a2/data/context_emb/ctx_emb_0
