[2024-03-14 22:55:21,931][root][INFO] - CFG's local_rank=-1
[2024-03-14 22:55:21,931][root][INFO] - Env WORLD_SIZE=None
[2024-03-14 22:55:21,931][root][INFO] - Initialized host ip-172-31-67-199.ec2.internal as d.rank -1 on device=cuda, n_gpu=1, world size=1
[2024-03-14 22:55:21,931][root][INFO] - 16-bits training: False 
[2024-03-14 22:55:21,931][root][INFO] - Reading saved model from /home/ec2-user/11711-a2/DPR/dpr/downloads/checkpoint/retriever/multiset/bert-base-encoder.cp
[2024-03-14 22:55:22,228][root][INFO] - model_state_dict keys odict_keys(['model_dict', 'optimizer_dict', 'scheduler_dict', 'offset', 'epoch', 'encoder_params'])
[2024-03-14 22:55:22,229][root][INFO] - CFG (after gpu  configuration):
[2024-03-14 22:55:22,235][root][INFO] - encoder:
  encoder_model_type: hf_bert
  pretrained_model_cfg: bert-base-uncased
  pretrained_file: null
  projection_dim: 0
  sequence_length: 512
  dropout: 0.1
  fix_ctx_encoder: false
  pretrained: true
datasets:
  test_qa:
    _target_: dpr.data.retriever_data.CsvQASrc
    file: /home/ec2-user/11711-a2/data/qa_csv/test_qa.csv
  cmu_qa:
    _target_: dpr.data.retriever_data.CsvQASrc
    file: /home/ec2-user/11711-a2/data/qa_csv/cmu_qa.csv
  cmu_qa_train:
    _target_: dpr.data.retriever_data.CsvQASrc
    file: /home/ec2-user/11711-a2/11711-End-to-end-NLP-System-Building/70B_qa_train.csv
  cmu_qa_dev:
    _target_: dpr.data.retriever_data.CsvQASrc
    file: /home/ec2-user/11711-a2/11711-End-to-end-NLP-System-Building/70B_qa_dev.csv
  nq_test:
    _target_: dpr.data.retriever_data.CsvQASrc
    file: data.retriever.qas.nq-test
  nq_train:
    _target_: dpr.data.retriever_data.CsvQASrc
    file: data.retriever.qas.nq-train
  nq_dev:
    _target_: dpr.data.retriever_data.CsvQASrc
    file: data.retriever.qas.nq-dev
  trivia_test:
    _target_: dpr.data.retriever_data.CsvQASrc
    file: data.retriever.qas.trivia-test
  trivia_train:
    _target_: dpr.data.retriever_data.CsvQASrc
    file: data.retriever.qas.trivia-train
  trivia_dev:
    _target_: dpr.data.retriever_data.CsvQASrc
    file: data.retriever.qas.trivia-dev
  webq_test:
    _target_: dpr.data.retriever_data.CsvQASrc
    file: data.retriever.qas.webq-test
  curatedtrec_test:
    _target_: dpr.data.retriever_data.CsvQASrc
    file: data.retriever.qas.curatedtrec-test
ctx_sources:
  dpr_wiki:
    _target_: dpr.data.retriever_data.CsvCtxSrc
    file: data.wikipedia_split.psgs_w100
    id_prefix: 'wiki:'
  cmu_lti:
    _target_: dpr.data.retriever_data.CsvCtxSrc
    file: /home/ec2-user/11711-a2/data/chunked_contexts/chunked_doc.tsv
    id_prefix: 'cmu_lti:'
  cmu_lti_papers:
    _target_: dpr.data.retriever_data.CsvCtxSrc
    file: /home/ec2-user/11711-a2/data/chunked_contexts/chunked_doc_papers.tsv
    id_prefix: 'cmu_lti:'
indexers:
  flat:
    _target_: dpr.indexer.faiss_indexers.DenseFlatIndexer
  hnsw:
    _target_: dpr.indexer.faiss_indexers.DenseHNSWFlatIndexer
  hnsw_sq:
    _target_: dpr.indexer.faiss_indexers.DenseHNSWSQIndexer
qa_dataset: cmu_qa
ctx_datatsets:
- cmu_lti
- cmu_lti_papers
encoded_ctx_files:
- /home/ec2-user/11711-a2/data/context_emb/ctx_emb_*
- /home/ec2-user/11711-a2/data/context_emb/ctx_emb_papers_*
out_file: /home/ec2-user/11711-a2/data/retriever_outputs/cmuqa_retriever_output.json
match: string
n_docs: 20
validation_workers: 16
batch_size: 128
do_lower_case: true
encoder_path: null
index_path: null
kilt_out_file: null
model_file: /home/ec2-user/11711-a2/DPR/dpr/downloads/checkpoint/retriever/multiset/bert-base-encoder.cp
validate_as_tables: false
rpc_retriever_cfg_file: null
rpc_index_id: null
use_l2_conversion: false
use_rpc_meta: false
rpc_meta_compressed: false
indexer: flat
special_tokens: null
local_rank: -1
global_loss_buf_sz: 150000
device: cuda
distributed_world_size: 1
distributed_port: null
no_cuda: false
n_gpu: 1
fp16: false
fp16_opt_level: O1

[2024-03-14 22:55:23,279][dpr.models.hf_models][INFO] - Initializing HF BERT Encoder. cfg_name=bert-base-uncased
[2024-03-14 22:55:23,425][dpr.models.hf_models][INFO] - Initializing HF BERT Encoder. cfg_name=bert-base-uncased
[2024-03-14 22:55:23,605][root][INFO] - Loading saved model state ...
[2024-03-14 22:55:23,675][root][INFO] - Selecting standard question encoder
[2024-03-14 22:55:23,878][root][INFO] - Encoder vector_size=768
[2024-03-14 22:55:23,879][root][INFO] - qa_dataset: cmu_qa
[2024-03-14 22:55:24,185][root][INFO] - questions len 22742
[2024-03-14 22:55:24,186][root][INFO] - questions_text len 0
[2024-03-14 22:55:24,186][root][INFO] - Local Index class <class 'dpr.indexer.faiss_indexers.DenseFlatIndexer'> 
[2024-03-14 22:55:24,191][root][INFO] - Using special token None
[2024-03-14 22:55:52,534][root][INFO] - Encoded queries 3200
[2024-03-14 22:56:20,466][root][INFO] - Encoded queries 6400
[2024-03-14 22:56:48,445][root][INFO] - Encoded queries 9600
[2024-03-14 22:57:16,392][root][INFO] - Encoded queries 12800
[2024-03-14 22:57:44,408][root][INFO] - Encoded queries 16000
[2024-03-14 22:58:12,903][root][INFO] - Encoded queries 19200
[2024-03-14 22:58:42,024][root][INFO] - Encoded queries 22400
[2024-03-14 22:58:45,175][root][INFO] - Total encoded queries tensor torch.Size([22742, 768])
[2024-03-14 22:58:45,182][root][INFO] - ctx_sources: <class 'dpr.data.retriever_data.CsvCtxSrc'>
[2024-03-14 22:58:45,183][root][INFO] - ctx_sources: <class 'dpr.data.retriever_data.CsvCtxSrc'>
[2024-03-14 22:58:45,183][root][INFO] - id_prefixes per dataset: ['cmu_lti:', 'cmu_lti:']
[2024-03-14 22:58:45,183][root][INFO] - ctx_files_patterns: ['/home/ec2-user/11711-a2/data/context_emb/ctx_emb_*', '/home/ec2-user/11711-a2/data/context_emb/ctx_emb_papers_*']
[2024-03-14 22:58:45,184][root][INFO] - Embeddings files id prefixes: ['cmu_lti:', 'cmu_lti:', 'cmu_lti:']
[2024-03-14 22:58:45,184][root][INFO] - Reading all passages data from files: ['/home/ec2-user/11711-a2/data/context_emb/ctx_emb_0', '/home/ec2-user/11711-a2/data/context_emb/ctx_emb_papers_0', '/home/ec2-user/11711-a2/data/context_emb/ctx_emb_papers_0']
[2024-03-14 22:58:45,184][root][INFO] - Reading file /home/ec2-user/11711-a2/data/context_emb/ctx_emb_0
[2024-03-14 22:58:45,203][root][INFO] - Reading file /home/ec2-user/11711-a2/data/context_emb/ctx_emb_papers_0
[2024-03-14 22:58:45,253][root][INFO] - Reading file /home/ec2-user/11711-a2/data/context_emb/ctx_emb_papers_0
[2024-03-14 22:58:45,310][root][INFO] - data indexed 15391
[2024-03-14 22:58:45,310][root][INFO] - Total data indexed 15391
[2024-03-14 22:58:45,310][root][INFO] - Data indexing completed.
[2024-03-14 22:58:49,662][root][INFO] - index search time: 4.348639 sec.
[2024-03-14 22:58:49,662][dpr.data.retriever_data][INFO] - Reading file /home/ec2-user/11711-a2/data/chunked_contexts/chunked_doc.tsv
[2024-03-14 22:58:49,695][root][INFO] - Loaded ctx data: 6291
[2024-03-14 22:58:49,695][dpr.data.retriever_data][INFO] - Reading file /home/ec2-user/11711-a2/data/chunked_contexts/chunked_doc_papers.tsv
[2024-03-14 22:58:49,717][root][INFO] - Loaded ctx data: 6291
[2024-03-14 22:58:49,717][root][INFO] - validating passages. size=6291
[2024-03-14 22:58:49,717][dpr.data.qa_validation][INFO] - all_docs size 6291
[2024-03-14 22:58:49,717][dpr.data.qa_validation][INFO] - dpr_all_documents size 6291
[2024-03-14 22:58:49,966][dpr.data.qa_validation][INFO] - Matching answers in top docs...
[2024-03-14 22:59:03,880][dpr.data.qa_validation][INFO] - Per question validation results len=22742
[2024-03-14 22:59:03,968][root][INFO] - Validation results: top k documents hits [1159, 1495, 1741, 1929, 2120, 2244, 2361, 2462, 2597, 2689, 2766, 2829, 2904, 2958, 3018, 3059, 3191, 3244, 3304, 3371]
[2024-03-14 22:59:03,969][root][INFO] - Validation results: top k documents hits accuracy [0.05096297599155747, 0.06573740216339811, 0.07655439275349574, 0.08482103596869228, 0.09321959370328027, 0.0986720605047929, 0.10381672676105884, 0.10825784891390379, 0.11419400228651834, 0.11823938088118899, 0.12162518687890247, 0.12439539178612259, 0.12769325477090845, 0.13006771611995427, 0.13270600650778297, 0.13450883827279922, 0.14031307712602234, 0.14264356696860434, 0.14528185735643304, 0.1482279482895084]
[2024-03-14 22:59:09,948][root][INFO] - Saved results * scores  to /home/ec2-user/11711-a2/data/retriever_outputs/cmuqa_retriever_output.json
