[2024-03-13 06:42:21,066][root][INFO] - CFG's local_rank=-1
[2024-03-13 06:42:21,066][root][INFO] - Env WORLD_SIZE=None
[2024-03-13 06:42:21,066][root][INFO] - Initialized host ip-172-31-67-199.ec2.internal as d.rank -1 on device=cuda, n_gpu=1, world size=1
[2024-03-13 06:42:21,066][root][INFO] - 16-bits training: False 
[2024-03-13 06:42:21,066][root][INFO] - Reading saved model from /home/ec2-user/11711-a2/DPR/dpr/downloads/checkpoint/retriever/multiset/bert-base-encoder.cp
[2024-03-13 06:42:21,347][root][INFO] - model_state_dict keys odict_keys(['model_dict', 'optimizer_dict', 'scheduler_dict', 'offset', 'epoch', 'encoder_params'])
[2024-03-13 06:42:21,347][root][INFO] - CFG (after gpu  configuration):
[2024-03-13 06:42:21,353][root][INFO] - encoder:
  encoder_model_type: hf_bert
  pretrained_model_cfg: bert-base-uncased
  pretrained_file: null
  projection_dim: 0
  sequence_length: 512
  dropout: 0.1
  fix_ctx_encoder: false
  pretrained: true
datasets:
  test_qa:
    _target_: dpr.data.retriever_data.CsvQASrc
    file: /home/ec2-user/11711-a2/data/qa_csv/test_qa.csv
  cmu_qa:
    _target_: dpr.data.retriever_data.CsvQASrc
    file: /home/ec2-user/11711-a2/data/qa_csv/cmu_qa.csv
  cmu_qa_train:
    _target_: dpr.data.retriever_data.CsvQASrc
    file: /home/ec2-user/11711-a2/11711-End-to-end-NLP-System-Building/70B_qa_train.csv
  cmu_qa_dev:
    _target_: dpr.data.retriever_data.CsvQASrc
    file: /home/ec2-user/11711-a2/11711-End-to-end-NLP-System-Building/70B_qa_dev.csv
  nq_test:
    _target_: dpr.data.retriever_data.CsvQASrc
    file: data.retriever.qas.nq-test
  nq_train:
    _target_: dpr.data.retriever_data.CsvQASrc
    file: data.retriever.qas.nq-train
  nq_dev:
    _target_: dpr.data.retriever_data.CsvQASrc
    file: data.retriever.qas.nq-dev
  trivia_test:
    _target_: dpr.data.retriever_data.CsvQASrc
    file: data.retriever.qas.trivia-test
  trivia_train:
    _target_: dpr.data.retriever_data.CsvQASrc
    file: data.retriever.qas.trivia-train
  trivia_dev:
    _target_: dpr.data.retriever_data.CsvQASrc
    file: data.retriever.qas.trivia-dev
  webq_test:
    _target_: dpr.data.retriever_data.CsvQASrc
    file: data.retriever.qas.webq-test
  curatedtrec_test:
    _target_: dpr.data.retriever_data.CsvQASrc
    file: data.retriever.qas.curatedtrec-test
ctx_sources:
  dpr_wiki:
    _target_: dpr.data.retriever_data.CsvCtxSrc
    file: data.wikipedia_split.psgs_w100
    id_prefix: 'wiki:'
  cmu_lti:
    _target_: dpr.data.retriever_data.CsvCtxSrc
    file: /home/ec2-user/11711-a2/data/chunked_contexts/chunked_doc.tsv
    id_prefix: 'cmu_lti:'
  cmu_lti_papers:
    _target_: dpr.data.retriever_data.CsvCtxSrc
    file: /home/ec2-user/11711-a2/data/chunked_contexts/chunked_doc_papers.tsv
    id_prefix: 'cmu_lti:'
indexers:
  flat:
    _target_: dpr.indexer.faiss_indexers.DenseFlatIndexer
  hnsw:
    _target_: dpr.indexer.faiss_indexers.DenseHNSWFlatIndexer
  hnsw_sq:
    _target_: dpr.indexer.faiss_indexers.DenseHNSWSQIndexer
qa_dataset: cmu_qa
ctx_datatsets:
- cmu_lti
- cmu_lti_papers
encoded_ctx_files:
- /home/ec2-user/11711-a2/data/context_emb/ctx_emb_*
- /home/ec2-user/11711-a2/data/context_emb/ctx_emb_papers_*
out_file: /home/ec2-user/11711-a2/data/retriever_outputs/cmuqa_retriever_output.json
match: string
n_docs: 20
validation_workers: 16
batch_size: 128
do_lower_case: true
encoder_path: null
index_path: null
kilt_out_file: null
model_file: /home/ec2-user/11711-a2/DPR/dpr/downloads/checkpoint/retriever/multiset/bert-base-encoder.cp
validate_as_tables: false
rpc_retriever_cfg_file: null
rpc_index_id: null
use_l2_conversion: false
use_rpc_meta: false
rpc_meta_compressed: false
indexer: flat
special_tokens: null
local_rank: -1
global_loss_buf_sz: 150000
device: cuda
distributed_world_size: 1
distributed_port: null
no_cuda: false
n_gpu: 1
fp16: false
fp16_opt_level: O1

[2024-03-13 06:42:22,358][dpr.models.hf_models][INFO] - Initializing HF BERT Encoder. cfg_name=bert-base-uncased
[2024-03-13 06:42:22,879][dpr.models.hf_models][INFO] - Initializing HF BERT Encoder. cfg_name=bert-base-uncased
[2024-03-13 06:42:23,076][root][INFO] - Loading saved model state ...
[2024-03-13 06:42:23,149][root][INFO] - Selecting standard question encoder
[2024-03-13 06:42:23,360][root][INFO] - Encoder vector_size=768
[2024-03-13 06:42:23,360][root][INFO] - qa_dataset: cmu_qa
[2024-03-13 06:42:23,644][root][INFO] - questions len 22742
[2024-03-13 06:42:23,644][root][INFO] - questions_text len 0
[2024-03-13 06:42:23,645][root][INFO] - Local Index class <class 'dpr.indexer.faiss_indexers.DenseFlatIndexer'> 
[2024-03-13 06:42:23,648][root][INFO] - Using special token None
[2024-03-13 06:42:52,236][root][INFO] - Encoded queries 3200
[2024-03-13 06:43:20,437][root][INFO] - Encoded queries 6400
[2024-03-13 06:43:48,711][root][INFO] - Encoded queries 9600
[2024-03-13 06:44:17,001][root][INFO] - Encoded queries 12800
[2024-03-13 06:44:45,367][root][INFO] - Encoded queries 16000
[2024-03-13 06:45:14,235][root][INFO] - Encoded queries 19200
[2024-03-13 06:45:43,704][root][INFO] - Encoded queries 22400
[2024-03-13 06:45:46,875][root][INFO] - Total encoded queries tensor torch.Size([22742, 768])
[2024-03-13 06:45:46,883][root][INFO] - ctx_sources: <class 'dpr.data.retriever_data.CsvCtxSrc'>
[2024-03-13 06:45:46,884][root][INFO] - ctx_sources: <class 'dpr.data.retriever_data.CsvCtxSrc'>
[2024-03-13 06:45:46,884][root][INFO] - id_prefixes per dataset: ['cmu_lti:', 'cmu_lti:']
[2024-03-13 06:45:46,884][root][INFO] - ctx_files_patterns: ['/home/ec2-user/11711-a2/data/context_emb/ctx_emb_*', '/home/ec2-user/11711-a2/data/context_emb/ctx_emb_papers_*']
[2024-03-13 06:45:46,885][root][INFO] - Embeddings files id prefixes: ['cmu_lti:', 'cmu_lti:', 'cmu_lti:']
[2024-03-13 06:45:46,885][root][INFO] - Reading all passages data from files: ['/home/ec2-user/11711-a2/data/context_emb/ctx_emb_0', '/home/ec2-user/11711-a2/data/context_emb/ctx_emb_papers_0', '/home/ec2-user/11711-a2/data/context_emb/ctx_emb_papers_0']
[2024-03-13 06:45:46,885][root][INFO] - Reading file /home/ec2-user/11711-a2/data/context_emb/ctx_emb_0
[2024-03-13 06:45:46,902][root][INFO] - Reading file /home/ec2-user/11711-a2/data/context_emb/ctx_emb_papers_0
[2024-03-13 06:45:46,914][root][INFO] - Reading file /home/ec2-user/11711-a2/data/context_emb/ctx_emb_papers_0
[2024-03-13 06:45:46,972][root][INFO] - data indexed 15391
[2024-03-13 06:45:46,972][root][INFO] - Total data indexed 15391
[2024-03-13 06:45:46,972][root][INFO] - Data indexing completed.
[2024-03-13 06:45:50,525][root][INFO] - index search time: 3.549494 sec.
[2024-03-13 06:45:50,525][dpr.data.retriever_data][INFO] - Reading file /home/ec2-user/11711-a2/data/chunked_contexts/chunked_doc.tsv
[2024-03-13 06:45:50,558][root][INFO] - Loaded ctx data: 6291
[2024-03-13 06:45:50,558][dpr.data.retriever_data][INFO] - Reading file /home/ec2-user/11711-a2/data/chunked_contexts/chunked_doc_papers.tsv
[2024-03-13 06:45:50,580][root][INFO] - Loaded ctx data: 6291
[2024-03-13 06:45:50,580][root][INFO] - validating passages. size=6291
[2024-03-13 06:45:50,580][dpr.data.qa_validation][INFO] - all_docs size 6291
[2024-03-13 06:45:50,580][dpr.data.qa_validation][INFO] - dpr_all_documents size 6291
[2024-03-13 06:45:50,896][dpr.data.qa_validation][INFO] - Matching answers in top docs...
[2024-03-13 06:46:04,163][dpr.data.qa_validation][INFO] - Per question validation results len=22742
[2024-03-13 06:46:04,270][root][INFO] - Validation results: top k documents hits [688, 872, 1081, 1202, 1316, 1388, 1463, 1545, 1626, 1675, 1740, 1786, 1862, 1916, 1970, 1993, 2108, 2131, 2167, 2189]
[2024-03-13 06:46:04,270][root][INFO] - Validation results: top k documents hits accuracy [0.030252396447102276, 0.03834315363644358, 0.04753319848738018, 0.05285375076950136, 0.057866502506375865, 0.06103245097177029, 0.06433031395655615, 0.0679359774865887, 0.07149766951015742, 0.07365227332688418, 0.07651042124703192, 0.07853311054436725, 0.08187494503561692, 0.08424940638466275, 0.08662386773370856, 0.08763521238237622, 0.09269193562571454, 0.0937032802743822, 0.09528625450707941, 0.09625362764928326]
[2024-03-13 06:46:08,578][root][INFO] - Saved results * scores  to /home/ec2-user/11711-a2/data/retriever_outputs/cmuqa_retriever_output.json
