[2024-03-13 06:36:53,442][root][INFO] - CFG's local_rank=-1
[2024-03-13 06:36:53,442][root][INFO] - Env WORLD_SIZE=None
[2024-03-13 06:36:53,442][root][INFO] - Initialized host ip-172-31-67-199.ec2.internal as d.rank -1 on device=cuda, n_gpu=1, world size=1
[2024-03-13 06:36:53,442][root][INFO] - 16-bits training: False 
[2024-03-13 06:36:53,443][root][INFO] - Reading saved model from /home/ec2-user/11711-a2/DPR/dpr/downloads/checkpoint/retriever/multiset/bert-base-encoder.cp
[2024-03-13 06:36:53,749][root][INFO] - model_state_dict keys odict_keys(['model_dict', 'optimizer_dict', 'scheduler_dict', 'offset', 'epoch', 'encoder_params'])
[2024-03-13 06:36:53,750][root][INFO] - CFG:
[2024-03-13 06:36:53,752][root][INFO] - encoder:
  encoder_model_type: hf_bert
  pretrained_model_cfg: bert-base-uncased
  pretrained_file: null
  projection_dim: 0
  sequence_length: 512
  dropout: 0.1
  fix_ctx_encoder: false
  pretrained: true
ctx_sources:
  dpr_wiki:
    _target_: dpr.data.retriever_data.CsvCtxSrc
    file: data.wikipedia_split.psgs_w100
    id_prefix: 'wiki:'
  cmu_lti:
    _target_: dpr.data.retriever_data.CsvCtxSrc
    file: /home/ec2-user/11711-a2/data/chunked_contexts/chunked_doc.tsv
    id_prefix: 'cmu_lti:'
  cmu_lti_papers:
    _target_: dpr.data.retriever_data.CsvCtxSrc
    file: /home/ec2-user/11711-a2/data/chunked_contexts/chunked_doc_papers.tsv
    id_prefix: 'cmu_lti:'
model_file: /home/ec2-user/11711-a2/DPR/dpr/downloads/checkpoint/retriever/multiset/bert-base-encoder.cp
ctx_src: cmu_lti
encoder_type: ctx
out_file: /home/ec2-user/11711-a2/data/context_emb/ctx_emb
do_lower_case: true
shard_id: 0
num_shards: 1
batch_size: 32
tables_as_passages: false
special_tokens: null
tables_chunk_sz: 100
tables_split_type: type1
local_rank: -1
device: cuda
distributed_world_size: 1
distributed_port: null
no_cuda: false
n_gpu: 1
fp16: false
fp16_opt_level: O1

[2024-03-13 06:36:54,665][dpr.models.hf_models][INFO] - Initializing HF BERT Encoder. cfg_name=bert-base-uncased
[2024-03-13 06:36:54,954][dpr.models.hf_models][INFO] - Initializing HF BERT Encoder. cfg_name=bert-base-uncased
[2024-03-13 06:36:55,358][root][INFO] - Loading saved model state ...
[2024-03-13 06:36:55,403][root][INFO] - reading data source: cmu_lti
[2024-03-13 06:36:55,406][dpr.data.retriever_data][INFO] - Reading file /home/ec2-user/11711-a2/data/chunked_contexts/chunked_doc.tsv
[2024-03-13 06:36:55,439][root][INFO] - Producing encodings for passages range: 0 to 6291 (out of total 6291)
[2024-03-13 06:36:57,694][root][INFO] - Encoded passages 160
[2024-03-13 06:36:59,308][root][INFO] - Encoded passages 320
[2024-03-13 06:37:00,940][root][INFO] - Encoded passages 480
[2024-03-13 06:37:02,556][root][INFO] - Encoded passages 640
[2024-03-13 06:37:04,167][root][INFO] - Encoded passages 800
[2024-03-13 06:37:05,775][root][INFO] - Encoded passages 960
[2024-03-13 06:37:07,386][root][INFO] - Encoded passages 1120
[2024-03-13 06:37:08,986][root][INFO] - Encoded passages 1280
[2024-03-13 06:37:10,597][root][INFO] - Encoded passages 1440
[2024-03-13 06:37:12,204][root][INFO] - Encoded passages 1600
[2024-03-13 06:37:13,817][root][INFO] - Encoded passages 1760
[2024-03-13 06:37:15,426][root][INFO] - Encoded passages 1920
[2024-03-13 06:37:17,046][root][INFO] - Encoded passages 2080
[2024-03-13 06:37:18,662][root][INFO] - Encoded passages 2240
[2024-03-13 06:37:20,237][root][INFO] - Encoded passages 2400
[2024-03-13 06:37:21,810][root][INFO] - Encoded passages 2560
[2024-03-13 06:37:23,403][root][INFO] - Encoded passages 2720
[2024-03-13 06:37:25,035][root][INFO] - Encoded passages 2880
[2024-03-13 06:37:26,669][root][INFO] - Encoded passages 3040
[2024-03-13 06:37:28,305][root][INFO] - Encoded passages 3200
[2024-03-13 06:37:29,936][root][INFO] - Encoded passages 3360
[2024-03-13 06:37:31,572][root][INFO] - Encoded passages 3520
[2024-03-13 06:37:33,207][root][INFO] - Encoded passages 3680
[2024-03-13 06:37:34,841][root][INFO] - Encoded passages 3840
[2024-03-13 06:37:36,477][root][INFO] - Encoded passages 4000
[2024-03-13 06:37:38,110][root][INFO] - Encoded passages 4160
[2024-03-13 06:37:39,745][root][INFO] - Encoded passages 4320
[2024-03-13 06:37:41,380][root][INFO] - Encoded passages 4480
[2024-03-13 06:37:43,015][root][INFO] - Encoded passages 4640
[2024-03-13 06:37:44,651][root][INFO] - Encoded passages 4800
[2024-03-13 06:37:46,286][root][INFO] - Encoded passages 4960
[2024-03-13 06:37:47,913][root][INFO] - Encoded passages 5120
[2024-03-13 06:37:49,543][root][INFO] - Encoded passages 5280
[2024-03-13 06:37:51,171][root][INFO] - Encoded passages 5440
[2024-03-13 06:37:52,800][root][INFO] - Encoded passages 5600
[2024-03-13 06:37:54,430][root][INFO] - Encoded passages 5760
[2024-03-13 06:37:56,057][root][INFO] - Encoded passages 5920
[2024-03-13 06:37:57,688][root][INFO] - Encoded passages 6080
[2024-03-13 06:37:59,301][root][INFO] - Encoded passages 6240
[2024-03-13 06:37:59,804][root][INFO] - Writing results to /home/ec2-user/11711-a2/data/context_emb/ctx_emb_0
[2024-03-13 06:37:59,835][root][INFO] - Total passages processed 6291. Written to /home/ec2-user/11711-a2/data/context_emb/ctx_emb_0
