[2024-03-13 00:41:51,026][root][INFO] - CFG's local_rank=-1
[2024-03-13 00:41:51,026][root][INFO] - Env WORLD_SIZE=None
[2024-03-13 00:41:51,026][root][INFO] - Initialized host ip-172-31-67-199.ec2.internal as d.rank -1 on device=cuda, n_gpu=1, world size=1
[2024-03-13 00:41:51,026][root][INFO] - 16-bits training: False 
[2024-03-13 00:41:51,027][root][INFO] - Reading saved model from /home/ec2-user/11711-a2/DPR/dpr/downloads/checkpoint/retriever/multiset/bert-base-encoder.cp
[2024-03-13 00:41:51,296][root][INFO] - model_state_dict keys odict_keys(['model_dict', 'optimizer_dict', 'scheduler_dict', 'offset', 'epoch', 'encoder_params'])
[2024-03-13 00:41:51,296][root][INFO] - CFG (after gpu  configuration):
[2024-03-13 00:41:51,302][root][INFO] - encoder:
  encoder_model_type: hf_bert
  pretrained_model_cfg: bert-base-uncased
  pretrained_file: null
  projection_dim: 0
  sequence_length: 512
  dropout: 0.1
  fix_ctx_encoder: false
  pretrained: true
datasets:
  cmu_qa:
    _target_: dpr.data.retriever_data.CsvQASrc
    file: /home/ec2-user/11711-a2/data/qa_csv/cmu_qa.csv
  cmu_qa_train:
    _target_: dpr.data.retriever_data.CsvQASrc
    file: /home/ec2-user/11711-a2/11711-End-to-end-NLP-System-Building/70B_qa_train.csv
  cmu_qa_dev:
    _target_: dpr.data.retriever_data.CsvQASrc
    file: /home/ec2-user/11711-a2/11711-End-to-end-NLP-System-Building/70B_qa_dev.csv
  nq_test:
    _target_: dpr.data.retriever_data.CsvQASrc
    file: data.retriever.qas.nq-test
  nq_train:
    _target_: dpr.data.retriever_data.CsvQASrc
    file: data.retriever.qas.nq-train
  nq_dev:
    _target_: dpr.data.retriever_data.CsvQASrc
    file: data.retriever.qas.nq-dev
  trivia_test:
    _target_: dpr.data.retriever_data.CsvQASrc
    file: data.retriever.qas.trivia-test
  trivia_train:
    _target_: dpr.data.retriever_data.CsvQASrc
    file: data.retriever.qas.trivia-train
  trivia_dev:
    _target_: dpr.data.retriever_data.CsvQASrc
    file: data.retriever.qas.trivia-dev
  webq_test:
    _target_: dpr.data.retriever_data.CsvQASrc
    file: data.retriever.qas.webq-test
  curatedtrec_test:
    _target_: dpr.data.retriever_data.CsvQASrc
    file: data.retriever.qas.curatedtrec-test
ctx_sources:
  dpr_wiki:
    _target_: dpr.data.retriever_data.CsvCtxSrc
    file: data.wikipedia_split.psgs_w100
    id_prefix: 'wiki:'
  cmu_lti:
    _target_: dpr.data.retriever_data.CsvCtxSrc
    file: /home/ec2-user/11711-a2/data/chunked_contexts/chunked_doc.tsv
    id_prefix: 'cmu_lti:'
  cmu_lti_papers:
    _target_: dpr.data.retriever_data.CsvCtxSrc
    file: /home/ec2-user/11711-a2/data/chunked_contexts/chunked_doc_papers.tsv
    id_prefix: 'cmu_lti:'
indexers:
  flat:
    _target_: dpr.indexer.faiss_indexers.DenseFlatIndexer
  hnsw:
    _target_: dpr.indexer.faiss_indexers.DenseHNSWFlatIndexer
  hnsw_sq:
    _target_: dpr.indexer.faiss_indexers.DenseHNSWSQIndexer
qa_dataset: cmu_qa
ctx_datatsets:
- cmu_lti
- cmu_lti_papers
encoded_ctx_files:
- /home/ec2-user/11711-a2/data/context_emb/ctx_emb_*
- /home/ec2-user/11711-a2/data/context_emb/ctx_emb_papers_*
out_file: /home/ec2-user/11711-a2/data/retriever_outputs/cmuqa_retriever_output.json
match: string
n_docs: 20
validation_workers: 16
batch_size: 128
do_lower_case: true
encoder_path: null
index_path: null
kilt_out_file: null
model_file: /home/ec2-user/11711-a2/DPR/dpr/downloads/checkpoint/retriever/multiset/bert-base-encoder.cp
validate_as_tables: false
rpc_retriever_cfg_file: null
rpc_index_id: null
use_l2_conversion: false
use_rpc_meta: false
rpc_meta_compressed: false
indexer: flat
special_tokens: null
local_rank: -1
global_loss_buf_sz: 150000
device: cuda
distributed_world_size: 1
distributed_port: null
no_cuda: false
n_gpu: 1
fp16: false
fp16_opt_level: O1

[2024-03-13 00:41:52,304][dpr.models.hf_models][INFO] - Initializing HF BERT Encoder. cfg_name=bert-base-uncased
[2024-03-13 00:41:52,439][dpr.models.hf_models][INFO] - Initializing HF BERT Encoder. cfg_name=bert-base-uncased
[2024-03-13 00:41:52,610][root][INFO] - Loading saved model state ...
[2024-03-13 00:41:52,677][root][INFO] - Selecting standard question encoder
[2024-03-13 00:41:52,860][root][INFO] - Encoder vector_size=768
[2024-03-13 00:41:52,860][root][INFO] - qa_dataset: cmu_qa
[2024-03-13 00:41:53,144][root][INFO] - questions len 22742
[2024-03-13 00:41:53,144][root][INFO] - questions_text len 0
[2024-03-13 00:41:53,145][root][INFO] - Local Index class <class 'dpr.indexer.faiss_indexers.DenseFlatIndexer'> 
[2024-03-13 00:41:53,145][root][INFO] - Using special token None
[2024-03-13 00:42:21,723][root][INFO] - Encoded queries 3200
[2024-03-13 00:42:49,938][root][INFO] - Encoded queries 6400
[2024-03-13 00:43:18,233][root][INFO] - Encoded queries 9600
[2024-03-13 00:43:46,554][root][INFO] - Encoded queries 12800
[2024-03-13 00:44:14,869][root][INFO] - Encoded queries 16000
[2024-03-13 00:44:43,686][root][INFO] - Encoded queries 19200
[2024-03-13 00:45:13,138][root][INFO] - Encoded queries 22400
[2024-03-13 00:45:16,313][root][INFO] - Total encoded queries tensor torch.Size([22742, 768])
[2024-03-13 00:45:16,320][root][INFO] - ctx_sources: <class 'dpr.data.retriever_data.CsvCtxSrc'>
[2024-03-13 00:45:16,321][root][INFO] - ctx_sources: <class 'dpr.data.retriever_data.CsvCtxSrc'>
[2024-03-13 00:45:16,321][root][INFO] - id_prefixes per dataset: ['cmu_lti:', 'cmu_lti:']
[2024-03-13 00:45:16,321][root][INFO] - ctx_files_patterns: ['/home/ec2-user/11711-a2/data/context_emb/ctx_emb_*', '/home/ec2-user/11711-a2/data/context_emb/ctx_emb_papers_*']
[2024-03-13 00:45:16,321][root][INFO] - Embeddings files id prefixes: ['cmu_lti:', 'cmu_lti:', 'cmu_lti:']
[2024-03-13 00:45:16,321][root][INFO] - Reading all passages data from files: ['/home/ec2-user/11711-a2/data/context_emb/ctx_emb_0', '/home/ec2-user/11711-a2/data/context_emb/ctx_emb_papers_0', '/home/ec2-user/11711-a2/data/context_emb/ctx_emb_papers_0']
[2024-03-13 00:45:16,321][root][INFO] - Reading file /home/ec2-user/11711-a2/data/context_emb/ctx_emb_0
[2024-03-13 00:45:16,328][root][INFO] - Reading file /home/ec2-user/11711-a2/data/context_emb/ctx_emb_papers_0
[2024-03-13 00:45:16,354][root][INFO] - Reading file /home/ec2-user/11711-a2/data/context_emb/ctx_emb_papers_0
[2024-03-13 00:45:16,442][root][INFO] - data indexed 22105
[2024-03-13 00:45:16,442][root][INFO] - Total data indexed 22105
[2024-03-13 00:45:16,443][root][INFO] - Data indexing completed.
[2024-03-13 00:45:21,061][root][INFO] - index search time: 4.614716 sec.
[2024-03-13 00:45:21,062][dpr.data.retriever_data][INFO] - Reading file /home/ec2-user/11711-a2/data/chunked_contexts/chunked_doc.tsv
[2024-03-13 00:45:21,084][root][INFO] - Loaded ctx data: 2501
[2024-03-13 00:45:21,084][dpr.data.retriever_data][INFO] - Reading file /home/ec2-user/11711-a2/data/chunked_contexts/chunked_doc_papers.tsv
[2024-03-13 00:45:21,112][root][INFO] - Loaded ctx data: 9802
[2024-03-13 00:45:21,112][root][INFO] - validating passages. size=9802
[2024-03-13 00:45:21,113][dpr.data.qa_validation][INFO] - all_docs size 9802
[2024-03-13 00:45:21,113][dpr.data.qa_validation][INFO] - dpr_all_documents size 9802
[2024-03-13 00:45:21,469][dpr.data.qa_validation][INFO] - Matching answers in top docs...
[2024-03-13 00:45:27,714][dpr.data.qa_validation][INFO] - Per question validation results len=22742
[2024-03-13 00:45:27,806][root][INFO] - Validation results: top k documents hits [161, 161, 207, 211, 253, 257, 279, 281, 301, 305, 323, 324, 334, 337, 351, 354, 368, 371, 381, 384]
[2024-03-13 00:45:27,806][root][INFO] - Validation results: top k documents hits accuracy [0.007079412540673643, 0.007079412540673643, 0.00910210183800897, 0.009277987863864216, 0.011124791135344297, 0.011300677161199542, 0.012268050303403395, 0.012355993316331018, 0.013235423445607247, 0.013411309471462492, 0.014202796587811099, 0.014246768094274909, 0.014686483158913024, 0.014818397678304458, 0.01543399876879782, 0.015565913288189253, 0.016181514378682614, 0.016313428898074047, 0.01675314396271216, 0.016885058482103598]
[2024-03-13 00:45:32,146][root][INFO] - Saved results * scores  to /home/ec2-user/11711-a2/data/retriever_outputs/cmuqa_retriever_output.json
