[2024-03-13 06:35:50,502][root][INFO] - CFG's local_rank=-1
[2024-03-13 06:35:50,502][root][INFO] - Env WORLD_SIZE=None
[2024-03-13 06:35:50,503][root][INFO] - Initialized host ip-172-31-67-199.ec2.internal as d.rank -1 on device=cuda, n_gpu=1, world size=1
[2024-03-13 06:35:50,503][root][INFO] - 16-bits training: False 
[2024-03-13 06:35:50,503][root][INFO] - Reading saved model from /home/ec2-user/11711-a2/DPR/dpr/downloads/checkpoint/retriever/multiset/bert-base-encoder.cp
[2024-03-13 06:35:56,217][root][INFO] - model_state_dict keys odict_keys(['model_dict', 'optimizer_dict', 'scheduler_dict', 'offset', 'epoch', 'encoder_params'])
[2024-03-13 06:35:56,218][root][INFO] - CFG:
[2024-03-13 06:35:56,221][root][INFO] - encoder:
  encoder_model_type: hf_bert
  pretrained_model_cfg: bert-base-uncased
  pretrained_file: null
  projection_dim: 0
  sequence_length: 512
  dropout: 0.1
  fix_ctx_encoder: false
  pretrained: true
ctx_sources:
  dpr_wiki:
    _target_: dpr.data.retriever_data.CsvCtxSrc
    file: data.wikipedia_split.psgs_w100
    id_prefix: 'wiki:'
  cmu_lti:
    _target_: dpr.data.retriever_data.CsvCtxSrc
    file: /home/ec2-user/11711-a2/data/chunked_contexts/chunked_doc.tsv
    id_prefix: 'cmu_lti:'
  cmu_lti_papers:
    _target_: dpr.data.retriever_data.CsvCtxSrc
    file: /home/ec2-user/11711-a2/data/chunked_contexts/chunked_doc_papers.tsv
    id_prefix: 'cmu_lti:'
model_file: /home/ec2-user/11711-a2/DPR/dpr/downloads/checkpoint/retriever/multiset/bert-base-encoder.cp
ctx_src: cmu_lti
encoder_type: ctx
out_file: /home/ec2-user/11711-a2/data/context_emb/ctx_emb
do_lower_case: true
shard_id: 0
num_shards: 1
batch_size: 32
tables_as_passages: false
special_tokens: null
tables_chunk_sz: 100
tables_split_type: type1
local_rank: -1
device: cuda
distributed_world_size: 1
distributed_port: null
no_cuda: false
n_gpu: 1
fp16: false
fp16_opt_level: O1

[2024-03-13 06:35:58,064][dpr.models.hf_models][INFO] - Initializing HF BERT Encoder. cfg_name=bert-base-uncased
[2024-03-13 06:36:00,627][dpr.models.hf_models][INFO] - Initializing HF BERT Encoder. cfg_name=bert-base-uncased
