[2024-03-13 01:05:04,206][root][INFO] - CFG's local_rank=-1
[2024-03-13 01:05:04,206][root][INFO] - Env WORLD_SIZE=None
[2024-03-13 01:05:04,206][root][INFO] - Initialized host ip-172-31-67-199.ec2.internal as d.rank -1 on device=cuda, n_gpu=1, world size=1
[2024-03-13 01:05:04,206][root][INFO] - 16-bits training: False 
[2024-03-13 01:05:04,207][root][INFO] - Reading saved model from /home/ec2-user/11711-a2/DPR/dpr/downloads/checkpoint/retriever/multiset/bert-base-encoder.cp
[2024-03-13 01:05:04,474][root][INFO] - model_state_dict keys odict_keys(['model_dict', 'optimizer_dict', 'scheduler_dict', 'offset', 'epoch', 'encoder_params'])
[2024-03-13 01:05:04,474][root][INFO] - CFG (after gpu  configuration):
[2024-03-13 01:05:04,481][root][INFO] - encoder:
  encoder_model_type: hf_bert
  pretrained_model_cfg: bert-base-uncased
  pretrained_file: null
  projection_dim: 0
  sequence_length: 512
  dropout: 0.1
  fix_ctx_encoder: false
  pretrained: true
datasets:
  cmu_qa:
    _target_: dpr.data.retriever_data.CsvQASrc
    file: /home/ec2-user/11711-a2/data/qa_csv/cmu_qa.csv
  cmu_qa_train:
    _target_: dpr.data.retriever_data.CsvQASrc
    file: /home/ec2-user/11711-a2/11711-End-to-end-NLP-System-Building/70B_qa_train.csv
  cmu_qa_dev:
    _target_: dpr.data.retriever_data.CsvQASrc
    file: /home/ec2-user/11711-a2/11711-End-to-end-NLP-System-Building/70B_qa_dev.csv
  nq_test:
    _target_: dpr.data.retriever_data.CsvQASrc
    file: data.retriever.qas.nq-test
  nq_train:
    _target_: dpr.data.retriever_data.CsvQASrc
    file: data.retriever.qas.nq-train
  nq_dev:
    _target_: dpr.data.retriever_data.CsvQASrc
    file: data.retriever.qas.nq-dev
  trivia_test:
    _target_: dpr.data.retriever_data.CsvQASrc
    file: data.retriever.qas.trivia-test
  trivia_train:
    _target_: dpr.data.retriever_data.CsvQASrc
    file: data.retriever.qas.trivia-train
  trivia_dev:
    _target_: dpr.data.retriever_data.CsvQASrc
    file: data.retriever.qas.trivia-dev
  webq_test:
    _target_: dpr.data.retriever_data.CsvQASrc
    file: data.retriever.qas.webq-test
  curatedtrec_test:
    _target_: dpr.data.retriever_data.CsvQASrc
    file: data.retriever.qas.curatedtrec-test
ctx_sources:
  dpr_wiki:
    _target_: dpr.data.retriever_data.CsvCtxSrc
    file: data.wikipedia_split.psgs_w100
    id_prefix: 'wiki:'
  cmu_lti:
    _target_: dpr.data.retriever_data.CsvCtxSrc
    file: /home/ec2-user/11711-a2/data/chunked_contexts/chunked_doc.tsv
    id_prefix: 'cmu_lti:'
  cmu_lti_papers:
    _target_: dpr.data.retriever_data.CsvCtxSrc
    file: /home/ec2-user/11711-a2/data/chunked_contexts/chunked_doc_papers.tsv
    id_prefix: 'cmu_lti:'
indexers:
  flat:
    _target_: dpr.indexer.faiss_indexers.DenseFlatIndexer
  hnsw:
    _target_: dpr.indexer.faiss_indexers.DenseHNSWFlatIndexer
  hnsw_sq:
    _target_: dpr.indexer.faiss_indexers.DenseHNSWSQIndexer
qa_dataset: cmu_qa
ctx_datatsets:
- cmu_lti
- cmu_lti_papers
encoded_ctx_files:
- /home/ec2-user/11711-a2/data/context_emb/ctx_emb_*
- /home/ec2-user/11711-a2/data/context_emb/ctx_emb_papers_*
out_file: /home/ec2-user/11711-a2/data/retriever_outputs/cmuqa_retriever_output.json
match: string
n_docs: 20
validation_workers: 16
batch_size: 128
do_lower_case: true
encoder_path: null
index_path: null
kilt_out_file: null
model_file: /home/ec2-user/11711-a2/DPR/dpr/downloads/checkpoint/retriever/multiset/bert-base-encoder.cp
validate_as_tables: false
rpc_retriever_cfg_file: null
rpc_index_id: null
use_l2_conversion: false
use_rpc_meta: false
rpc_meta_compressed: false
indexer: flat
special_tokens: null
local_rank: -1
global_loss_buf_sz: 150000
device: cuda
distributed_world_size: 1
distributed_port: null
no_cuda: false
n_gpu: 1
fp16: false
fp16_opt_level: O1

[2024-03-13 01:05:05,477][dpr.models.hf_models][INFO] - Initializing HF BERT Encoder. cfg_name=bert-base-uncased
[2024-03-13 01:05:05,623][dpr.models.hf_models][INFO] - Initializing HF BERT Encoder. cfg_name=bert-base-uncased
[2024-03-13 01:05:05,793][root][INFO] - Loading saved model state ...
[2024-03-13 01:05:05,860][root][INFO] - Selecting standard question encoder
[2024-03-13 01:05:06,050][root][INFO] - Encoder vector_size=768
[2024-03-13 01:05:06,050][root][INFO] - qa_dataset: cmu_qa
[2024-03-13 01:05:06,339][root][INFO] - questions len 22742
[2024-03-13 01:05:06,339][root][INFO] - questions_text len 0
[2024-03-13 01:05:06,340][root][INFO] - Local Index class <class 'dpr.indexer.faiss_indexers.DenseFlatIndexer'> 
[2024-03-13 01:05:06,340][root][INFO] - Using special token None
[2024-03-13 01:05:34,937][root][INFO] - Encoded queries 3200
[2024-03-13 01:06:03,122][root][INFO] - Encoded queries 6400
[2024-03-13 01:06:31,392][root][INFO] - Encoded queries 9600
[2024-03-13 01:06:59,699][root][INFO] - Encoded queries 12800
[2024-03-13 01:07:28,063][root][INFO] - Encoded queries 16000
[2024-03-13 01:07:56,936][root][INFO] - Encoded queries 19200
[2024-03-13 01:08:26,438][root][INFO] - Encoded queries 22400
[2024-03-13 01:08:29,615][root][INFO] - Total encoded queries tensor torch.Size([22742, 768])
[2024-03-13 01:08:29,622][root][INFO] - ctx_sources: <class 'dpr.data.retriever_data.CsvCtxSrc'>
[2024-03-13 01:08:29,623][root][INFO] - ctx_sources: <class 'dpr.data.retriever_data.CsvCtxSrc'>
[2024-03-13 01:08:29,623][root][INFO] - id_prefixes per dataset: ['cmu_lti:', 'cmu_lti:']
[2024-03-13 01:08:29,623][root][INFO] - ctx_files_patterns: ['/home/ec2-user/11711-a2/data/context_emb/ctx_emb_*', '/home/ec2-user/11711-a2/data/context_emb/ctx_emb_papers_*']
[2024-03-13 01:08:29,623][root][INFO] - Embeddings files id prefixes: ['cmu_lti:', 'cmu_lti:', 'cmu_lti:']
[2024-03-13 01:08:29,624][root][INFO] - Reading all passages data from files: ['/home/ec2-user/11711-a2/data/context_emb/ctx_emb_0', '/home/ec2-user/11711-a2/data/context_emb/ctx_emb_papers_0', '/home/ec2-user/11711-a2/data/context_emb/ctx_emb_papers_0']
[2024-03-13 01:08:29,624][root][INFO] - Reading file /home/ec2-user/11711-a2/data/context_emb/ctx_emb_0
[2024-03-13 01:08:29,631][root][INFO] - Reading file /home/ec2-user/11711-a2/data/context_emb/ctx_emb_papers_0
[2024-03-13 01:08:29,637][root][INFO] - Reading file /home/ec2-user/11711-a2/data/context_emb/ctx_emb_papers_0
[2024-03-13 01:08:29,664][root][INFO] - data indexed 7554
[2024-03-13 01:08:29,664][root][INFO] - Total data indexed 7554
[2024-03-13 01:08:29,664][root][INFO] - Data indexing completed.
[2024-03-13 01:08:31,352][root][INFO] - index search time: 1.686218 sec.
[2024-03-13 01:08:31,352][dpr.data.retriever_data][INFO] - Reading file /home/ec2-user/11711-a2/data/chunked_contexts/chunked_doc.tsv
[2024-03-13 01:08:31,379][root][INFO] - Loaded ctx data: 2948
[2024-03-13 01:08:31,379][dpr.data.retriever_data][INFO] - Reading file /home/ec2-user/11711-a2/data/chunked_contexts/chunked_doc_papers.tsv
[2024-03-13 01:08:31,394][root][INFO] - Loaded ctx data: 2948
[2024-03-13 01:08:31,394][root][INFO] - validating passages. size=2948
[2024-03-13 01:08:31,394][dpr.data.qa_validation][INFO] - all_docs size 2948
[2024-03-13 01:08:31,394][dpr.data.qa_validation][INFO] - dpr_all_documents size 2948
[2024-03-13 01:08:31,612][dpr.data.qa_validation][INFO] - Matching answers in top docs...
[2024-03-13 01:08:52,685][dpr.data.qa_validation][INFO] - Per question validation results len=22742
[2024-03-13 01:08:52,763][root][INFO] - Validation results: top k documents hits [570, 760, 1010, 1122, 1281, 1371, 1497, 1580, 1652, 1711, 1858, 1904, 1952, 1985, 2027, 2061, 2109, 2138, 2182, 2219]
[2024-03-13 01:08:52,763][root][INFO] - Validation results: top k documents hits accuracy [0.025063758684372526, 0.0334183449124967, 0.04441122152844956, 0.04933603025239645, 0.05632749978014247, 0.0602849353618855, 0.06582534517632574, 0.06947498021282209, 0.07264092867821652, 0.07523524755958139, 0.08169905900976167, 0.083721748307097, 0.08583238061735995, 0.08728344033066573, 0.0891302436021458, 0.0906252748219154, 0.09273590713217834, 0.09401108081962888, 0.09594582710403658, 0.09757277284319761]
[2024-03-13 01:08:57,634][root][INFO] - Saved results * scores  to /home/ec2-user/11711-a2/data/retriever_outputs/cmuqa_retriever_output.json
