[2024-03-13 06:40:51,414][root][INFO] - CFG's local_rank=-1
[2024-03-13 06:40:51,414][root][INFO] - Env WORLD_SIZE=None
[2024-03-13 06:40:51,414][root][INFO] - Initialized host ip-172-31-67-199.ec2.internal as d.rank -1 on device=cuda, n_gpu=1, world size=1
[2024-03-13 06:40:51,415][root][INFO] - 16-bits training: False 
[2024-03-13 06:40:51,415][root][INFO] - Reading saved model from /home/ec2-user/11711-a2/DPR/dpr/downloads/checkpoint/retriever/multiset/bert-base-encoder.cp
[2024-03-13 06:40:51,695][root][INFO] - model_state_dict keys odict_keys(['model_dict', 'optimizer_dict', 'scheduler_dict', 'offset', 'epoch', 'encoder_params'])
[2024-03-13 06:40:51,696][root][INFO] - CFG:
[2024-03-13 06:40:51,698][root][INFO] - encoder:
  encoder_model_type: hf_bert
  pretrained_model_cfg: bert-base-uncased
  pretrained_file: null
  projection_dim: 0
  sequence_length: 512
  dropout: 0.1
  fix_ctx_encoder: false
  pretrained: true
ctx_sources:
  dpr_wiki:
    _target_: dpr.data.retriever_data.CsvCtxSrc
    file: data.wikipedia_split.psgs_w100
    id_prefix: 'wiki:'
  cmu_lti:
    _target_: dpr.data.retriever_data.CsvCtxSrc
    file: /home/ec2-user/11711-a2/data/chunked_contexts/chunked_doc.tsv
    id_prefix: 'cmu_lti:'
  cmu_lti_papers:
    _target_: dpr.data.retriever_data.CsvCtxSrc
    file: /home/ec2-user/11711-a2/data/chunked_contexts/chunked_doc_papers.tsv
    id_prefix: 'cmu_lti:'
model_file: /home/ec2-user/11711-a2/DPR/dpr/downloads/checkpoint/retriever/multiset/bert-base-encoder.cp
ctx_src: cmu_lti_papers
encoder_type: ctx
out_file: /home/ec2-user/11711-a2/data/context_emb/ctx_emb_papers
do_lower_case: true
shard_id: 0
num_shards: 1
batch_size: 32
tables_as_passages: false
special_tokens: null
tables_chunk_sz: 100
tables_split_type: type1
local_rank: -1
device: cuda
distributed_world_size: 1
distributed_port: null
no_cuda: false
n_gpu: 1
fp16: false
fp16_opt_level: O1

[2024-03-13 06:40:52,610][dpr.models.hf_models][INFO] - Initializing HF BERT Encoder. cfg_name=bert-base-uncased
[2024-03-13 06:40:52,894][dpr.models.hf_models][INFO] - Initializing HF BERT Encoder. cfg_name=bert-base-uncased
[2024-03-13 06:40:53,268][root][INFO] - Loading saved model state ...
[2024-03-13 06:40:53,313][root][INFO] - reading data source: cmu_lti_papers
[2024-03-13 06:40:53,315][dpr.data.retriever_data][INFO] - Reading file /home/ec2-user/11711-a2/data/chunked_contexts/chunked_doc_papers.tsv
[2024-03-13 06:40:53,337][root][INFO] - Producing encodings for passages range: 0 to 4550 (out of total 4550)
[2024-03-13 06:40:55,409][root][INFO] - Encoded passages 160
[2024-03-13 06:40:57,029][root][INFO] - Encoded passages 320
[2024-03-13 06:40:58,658][root][INFO] - Encoded passages 480
[2024-03-13 06:41:00,275][root][INFO] - Encoded passages 640
[2024-03-13 06:41:01,893][root][INFO] - Encoded passages 800
[2024-03-13 06:41:03,518][root][INFO] - Encoded passages 960
[2024-03-13 06:41:05,134][root][INFO] - Encoded passages 1120
[2024-03-13 06:41:06,761][root][INFO] - Encoded passages 1280
[2024-03-13 06:41:08,392][root][INFO] - Encoded passages 1440
[2024-03-13 06:41:10,018][root][INFO] - Encoded passages 1600
[2024-03-13 06:41:11,644][root][INFO] - Encoded passages 1760
[2024-03-13 06:41:13,267][root][INFO] - Encoded passages 1920
[2024-03-13 06:41:14,893][root][INFO] - Encoded passages 2080
[2024-03-13 06:41:16,520][root][INFO] - Encoded passages 2240
[2024-03-13 06:41:18,142][root][INFO] - Encoded passages 2400
[2024-03-13 06:41:19,766][root][INFO] - Encoded passages 2560
[2024-03-13 06:41:21,403][root][INFO] - Encoded passages 2720
[2024-03-13 06:41:23,029][root][INFO] - Encoded passages 2880
[2024-03-13 06:41:24,657][root][INFO] - Encoded passages 3040
[2024-03-13 06:41:26,298][root][INFO] - Encoded passages 3200
[2024-03-13 06:41:27,921][root][INFO] - Encoded passages 3360
[2024-03-13 06:41:29,542][root][INFO] - Encoded passages 3520
[2024-03-13 06:41:31,170][root][INFO] - Encoded passages 3680
[2024-03-13 06:41:32,811][root][INFO] - Encoded passages 3840
[2024-03-13 06:41:34,433][root][INFO] - Encoded passages 4000
[2024-03-13 06:41:36,072][root][INFO] - Encoded passages 4160
[2024-03-13 06:41:37,698][root][INFO] - Encoded passages 4320
[2024-03-13 06:41:39,325][root][INFO] - Encoded passages 4480
[2024-03-13 06:41:40,033][root][INFO] - Encoded passages 4550
[2024-03-13 06:41:40,034][root][INFO] - Writing results to /home/ec2-user/11711-a2/data/context_emb/ctx_emb_papers_0
[2024-03-13 06:41:40,062][root][INFO] - Total passages processed 4550. Written to /home/ec2-user/11711-a2/data/context_emb/ctx_emb_papers_0
