[2024-03-12 15:31:08,021][root][INFO] - CFG's local_rank=-1
[2024-03-12 15:31:08,021][root][INFO] - Env WORLD_SIZE=None
[2024-03-12 15:31:08,021][root][INFO] - Initialized host ip-172-31-67-199.ec2.internal as d.rank -1 on device=cuda, n_gpu=1, world size=1
[2024-03-12 15:31:08,021][root][INFO] - 16-bits training: False 
[2024-03-12 15:31:08,021][root][INFO] - Reading saved model from /home/ec2-user/11711-a2/DPR/dpr/workdir/dpr_biencoder.29
[2024-03-12 15:31:08,816][root][INFO] - model_state_dict keys dict_keys(['model_dict', 'optimizer_dict', 'scheduler_dict', 'offset', 'epoch', 'encoder_params'])
[2024-03-12 15:31:08,817][root][INFO] - CFG:
[2024-03-12 15:31:08,820][root][INFO] - encoder:
  encoder_model_type: hf_bert
  pretrained_model_cfg: bert-base-uncased
  pretrained_file: null
  projection_dim: 0
  sequence_length: 256
  dropout: 0.1
  fix_ctx_encoder: false
  pretrained: true
ctx_sources:
  dpr_wiki:
    _target_: dpr.data.retriever_data.CsvCtxSrc
    file: data.wikipedia_split.psgs_w100
    id_prefix: 'wiki:'
  cmu_lti:
    _target_: dpr.data.retriever_data.CsvCtxSrc
    file: /home/ec2-user/11711-a2/11711-End-to-end-NLP-System-Building/chunked_doc.tsv
    id_prefix: 'cmu_lti:'
model_file: /home/ec2-user/11711-a2/DPR/dpr/workdir/dpr_biencoder.29
ctx_src: cmu_lti
encoder_type: ctx
out_file: /home/ec2-user/11711-a2/DPR/dpr/workdir
do_lower_case: true
shard_id: 0
num_shards: 1
batch_size: 32
tables_as_passages: false
special_tokens: null
tables_chunk_sz: 100
tables_split_type: type1
local_rank: -1
device: cuda
distributed_world_size: 1
distributed_port: null
no_cuda: false
n_gpu: 1
fp16: false
fp16_opt_level: O1

[2024-03-12 15:31:09,725][dpr.models.hf_models][INFO] - Initializing HF BERT Encoder. cfg_name=bert-base-uncased
[2024-03-12 15:31:09,879][dpr.models.hf_models][INFO] - Initializing HF BERT Encoder. cfg_name=bert-base-uncased
[2024-03-12 15:31:10,539][root][INFO] - Loading saved model state ...
[2024-03-12 15:31:10,584][root][INFO] - reading data source: cmu_lti
[2024-03-12 15:31:10,586][dpr.data.retriever_data][INFO] - Reading file /home/ec2-user/11711-a2/11711-End-to-end-NLP-System-Building/chunked_doc.tsv
[2024-03-12 15:31:10,627][root][INFO] - Producing encodings for passages range: 0 to 14171 (out of total 14171)
[2024-03-12 15:31:11,746][root][INFO] - Encoded passages 160
[2024-03-12 15:31:12,427][root][INFO] - Encoded passages 320
[2024-03-12 15:31:13,108][root][INFO] - Encoded passages 480
[2024-03-12 15:31:13,788][root][INFO] - Encoded passages 640
[2024-03-12 15:31:14,482][root][INFO] - Encoded passages 800
[2024-03-12 15:31:15,184][root][INFO] - Encoded passages 960
[2024-03-12 15:31:15,886][root][INFO] - Encoded passages 1120
[2024-03-12 15:31:16,575][root][INFO] - Encoded passages 1280
[2024-03-12 15:31:17,252][root][INFO] - Encoded passages 1440
[2024-03-12 15:31:17,930][root][INFO] - Encoded passages 1600
[2024-03-12 15:31:18,619][root][INFO] - Encoded passages 1760
[2024-03-12 15:31:19,316][root][INFO] - Encoded passages 1920
[2024-03-12 15:31:20,010][root][INFO] - Encoded passages 2080
[2024-03-12 15:31:20,694][root][INFO] - Encoded passages 2240
[2024-03-12 15:31:21,382][root][INFO] - Encoded passages 2400
[2024-03-12 15:31:22,071][root][INFO] - Encoded passages 2560
[2024-03-12 15:31:22,756][root][INFO] - Encoded passages 2720
[2024-03-12 15:31:23,447][root][INFO] - Encoded passages 2880
[2024-03-12 15:31:24,145][root][INFO] - Encoded passages 3040
[2024-03-12 15:31:24,845][root][INFO] - Encoded passages 3200
[2024-03-12 15:31:25,545][root][INFO] - Encoded passages 3360
[2024-03-12 15:31:26,245][root][INFO] - Encoded passages 3520
[2024-03-12 15:31:26,945][root][INFO] - Encoded passages 3680
[2024-03-12 15:31:27,645][root][INFO] - Encoded passages 3840
[2024-03-12 15:31:28,344][root][INFO] - Encoded passages 4000
[2024-03-12 15:31:29,043][root][INFO] - Encoded passages 4160
[2024-03-12 15:31:29,743][root][INFO] - Encoded passages 4320
[2024-03-12 15:31:30,443][root][INFO] - Encoded passages 4480
[2024-03-12 15:31:31,144][root][INFO] - Encoded passages 4640
[2024-03-12 15:31:31,844][root][INFO] - Encoded passages 4800
[2024-03-12 15:31:32,545][root][INFO] - Encoded passages 4960
[2024-03-12 15:31:33,247][root][INFO] - Encoded passages 5120
[2024-03-12 15:31:33,949][root][INFO] - Encoded passages 5280
[2024-03-12 15:31:34,655][root][INFO] - Encoded passages 5440
[2024-03-12 15:31:35,356][root][INFO] - Encoded passages 5600
[2024-03-12 15:31:36,060][root][INFO] - Encoded passages 5760
[2024-03-12 15:31:36,762][root][INFO] - Encoded passages 5920
[2024-03-12 15:31:37,462][root][INFO] - Encoded passages 6080
[2024-03-12 15:31:38,163][root][INFO] - Encoded passages 6240
[2024-03-12 15:31:38,865][root][INFO] - Encoded passages 6400
[2024-03-12 15:31:39,559][root][INFO] - Encoded passages 6560
[2024-03-12 15:31:40,247][root][INFO] - Encoded passages 6720
[2024-03-12 15:31:40,941][root][INFO] - Encoded passages 6880
[2024-03-12 15:31:41,635][root][INFO] - Encoded passages 7040
[2024-03-12 15:31:42,328][root][INFO] - Encoded passages 7200
