[2024-03-14 22:52:25,321][root][INFO] - CFG's local_rank=-1
[2024-03-14 22:52:25,322][root][INFO] - Env WORLD_SIZE=None
[2024-03-14 22:52:25,322][root][INFO] - Initialized host ip-172-31-67-199.ec2.internal as d.rank -1 on device=cuda, n_gpu=1, world size=1
[2024-03-14 22:52:25,322][root][INFO] - 16-bits training: False 
[2024-03-14 22:52:25,322][root][INFO] - Reading saved model from /home/ec2-user/11711-a2/DPR/dpr/downloads/checkpoint/retriever/multiset/bert-base-encoder.cp
[2024-03-14 22:52:30,382][root][INFO] - model_state_dict keys odict_keys(['model_dict', 'optimizer_dict', 'scheduler_dict', 'offset', 'epoch', 'encoder_params'])
[2024-03-14 22:52:30,383][root][INFO] - CFG:
[2024-03-14 22:52:30,385][root][INFO] - encoder:
  encoder_model_type: hf_bert
  pretrained_model_cfg: bert-base-uncased
  pretrained_file: null
  projection_dim: 0
  sequence_length: 512
  dropout: 0.1
  fix_ctx_encoder: false
  pretrained: true
ctx_sources:
  dpr_wiki:
    _target_: dpr.data.retriever_data.CsvCtxSrc
    file: data.wikipedia_split.psgs_w100
    id_prefix: 'wiki:'
  cmu_lti:
    _target_: dpr.data.retriever_data.CsvCtxSrc
    file: /home/ec2-user/11711-a2/data/chunked_contexts/chunked_doc.tsv
    id_prefix: 'cmu_lti:'
  cmu_lti_papers:
    _target_: dpr.data.retriever_data.CsvCtxSrc
    file: /home/ec2-user/11711-a2/data/chunked_contexts/chunked_doc_papers.tsv
    id_prefix: 'cmu_lti:'
model_file: /home/ec2-user/11711-a2/DPR/dpr/downloads/checkpoint/retriever/multiset/bert-base-encoder.cp
ctx_src: cmu_lti
encoder_type: ctx
out_file: /home/ec2-user/11711-a2/data/context_emb/ctx_emb
do_lower_case: true
shard_id: 0
num_shards: 1
batch_size: 32
tables_as_passages: false
special_tokens: null
tables_chunk_sz: 100
tables_split_type: type1
local_rank: -1
device: cuda
distributed_world_size: 1
distributed_port: null
no_cuda: false
n_gpu: 1
fp16: false
fp16_opt_level: O1

[2024-03-14 22:52:31,348][dpr.models.hf_models][INFO] - Initializing HF BERT Encoder. cfg_name=bert-base-uncased
[2024-03-14 22:52:33,864][dpr.models.hf_models][INFO] - Initializing HF BERT Encoder. cfg_name=bert-base-uncased
[2024-03-14 22:52:34,244][root][INFO] - Loading saved model state ...
[2024-03-14 22:52:34,289][root][INFO] - reading data source: cmu_lti
[2024-03-14 22:52:34,291][dpr.data.retriever_data][INFO] - Reading file /home/ec2-user/11711-a2/data/chunked_contexts/chunked_doc.tsv
[2024-03-14 22:52:34,325][root][INFO] - Producing encodings for passages range: 0 to 6291 (out of total 6291)
[2024-03-14 22:52:36,417][root][INFO] - Encoded passages 160
[2024-03-14 22:52:38,047][root][INFO] - Encoded passages 320
[2024-03-14 22:52:39,662][root][INFO] - Encoded passages 480
[2024-03-14 22:52:41,274][root][INFO] - Encoded passages 640
[2024-03-14 22:52:42,884][root][INFO] - Encoded passages 800
[2024-03-14 22:52:44,510][root][INFO] - Encoded passages 960
[2024-03-14 22:52:46,125][root][INFO] - Encoded passages 1120
[2024-03-14 22:52:47,723][root][INFO] - Encoded passages 1280
[2024-03-14 22:52:49,348][root][INFO] - Encoded passages 1440
[2024-03-14 22:52:50,949][root][INFO] - Encoded passages 1600
[2024-03-14 22:52:52,556][root][INFO] - Encoded passages 1760
[2024-03-14 22:52:54,159][root][INFO] - Encoded passages 1920
[2024-03-14 22:52:55,778][root][INFO] - Encoded passages 2080
[2024-03-14 22:52:57,383][root][INFO] - Encoded passages 2240
[2024-03-14 22:52:59,025][root][INFO] - Encoded passages 2400
[2024-03-14 22:53:00,668][root][INFO] - Encoded passages 2560
[2024-03-14 22:53:02,297][root][INFO] - Encoded passages 2720
[2024-03-14 22:53:03,930][root][INFO] - Encoded passages 2880
[2024-03-14 22:53:05,585][root][INFO] - Encoded passages 3040
[2024-03-14 22:53:07,216][root][INFO] - Encoded passages 3200
[2024-03-14 22:53:08,860][root][INFO] - Encoded passages 3360
[2024-03-14 22:53:10,491][root][INFO] - Encoded passages 3520
[2024-03-14 22:53:12,122][root][INFO] - Encoded passages 3680
[2024-03-14 22:53:13,755][root][INFO] - Encoded passages 3840
[2024-03-14 22:53:15,387][root][INFO] - Encoded passages 4000
[2024-03-14 22:53:17,030][root][INFO] - Encoded passages 4160
[2024-03-14 22:53:18,671][root][INFO] - Encoded passages 4320
[2024-03-14 22:53:20,302][root][INFO] - Encoded passages 4480
[2024-03-14 22:53:21,935][root][INFO] - Encoded passages 4640
[2024-03-14 22:53:23,578][root][INFO] - Encoded passages 4800
[2024-03-14 22:53:25,217][root][INFO] - Encoded passages 4960
[2024-03-14 22:53:26,868][root][INFO] - Encoded passages 5120
[2024-03-14 22:53:28,500][root][INFO] - Encoded passages 5280
[2024-03-14 22:53:30,136][root][INFO] - Encoded passages 5440
[2024-03-14 22:53:31,779][root][INFO] - Encoded passages 5600
[2024-03-14 22:53:33,391][root][INFO] - Encoded passages 5760
[2024-03-14 22:53:34,954][root][INFO] - Encoded passages 5920
[2024-03-14 22:53:36,527][root][INFO] - Encoded passages 6080
[2024-03-14 22:53:38,104][root][INFO] - Encoded passages 6240
[2024-03-14 22:53:38,605][root][INFO] - Writing results to /home/ec2-user/11711-a2/data/context_emb/ctx_emb_0
[2024-03-14 22:53:38,685][root][INFO] - Total passages processed 6291. Written to /home/ec2-user/11711-a2/data/context_emb/ctx_emb_0
