[2024-03-13 01:03:03,336][root][INFO] - CFG's local_rank=-1
[2024-03-13 01:03:03,336][root][INFO] - Env WORLD_SIZE=None
[2024-03-13 01:03:03,336][root][INFO] - Initialized host ip-172-31-67-199.ec2.internal as d.rank -1 on device=cuda, n_gpu=1, world size=1
[2024-03-13 01:03:03,336][root][INFO] - 16-bits training: False 
[2024-03-13 01:03:03,336][root][INFO] - Reading saved model from /home/ec2-user/11711-a2/DPR/dpr/downloads/checkpoint/retriever/multiset/bert-base-encoder.cp
[2024-03-13 01:03:03,604][root][INFO] - model_state_dict keys odict_keys(['model_dict', 'optimizer_dict', 'scheduler_dict', 'offset', 'epoch', 'encoder_params'])
[2024-03-13 01:03:03,605][root][INFO] - CFG:
[2024-03-13 01:03:03,607][root][INFO] - encoder:
  encoder_model_type: hf_bert
  pretrained_model_cfg: bert-base-uncased
  pretrained_file: null
  projection_dim: 0
  sequence_length: 512
  dropout: 0.1
  fix_ctx_encoder: false
  pretrained: true
ctx_sources:
  dpr_wiki:
    _target_: dpr.data.retriever_data.CsvCtxSrc
    file: data.wikipedia_split.psgs_w100
    id_prefix: 'wiki:'
  cmu_lti:
    _target_: dpr.data.retriever_data.CsvCtxSrc
    file: /home/ec2-user/11711-a2/data/chunked_contexts/chunked_doc.tsv
    id_prefix: 'cmu_lti:'
  cmu_lti_papers:
    _target_: dpr.data.retriever_data.CsvCtxSrc
    file: /home/ec2-user/11711-a2/data/chunked_contexts/chunked_doc_papers.tsv
    id_prefix: 'cmu_lti:'
model_file: /home/ec2-user/11711-a2/DPR/dpr/downloads/checkpoint/retriever/multiset/bert-base-encoder.cp
ctx_src: cmu_lti_papers
encoder_type: ctx
out_file: /home/ec2-user/11711-a2/data/context_emb/ctx_emb_papers
do_lower_case: true
shard_id: 0
num_shards: 1
batch_size: 32
tables_as_passages: false
special_tokens: null
tables_chunk_sz: 100
tables_split_type: type1
local_rank: -1
device: cuda
distributed_world_size: 1
distributed_port: null
no_cuda: false
n_gpu: 1
fp16: false
fp16_opt_level: O1

[2024-03-13 01:03:04,512][dpr.models.hf_models][INFO] - Initializing HF BERT Encoder. cfg_name=bert-base-uncased
[2024-03-13 01:03:04,723][dpr.models.hf_models][INFO] - Initializing HF BERT Encoder. cfg_name=bert-base-uncased
[2024-03-13 01:03:05,108][root][INFO] - Loading saved model state ...
[2024-03-13 01:03:05,154][root][INFO] - reading data source: cmu_lti_papers
[2024-03-13 01:03:05,155][dpr.data.retriever_data][INFO] - Reading file /home/ec2-user/11711-a2/data/chunked_contexts/chunked_doc_papers.tsv
[2024-03-13 01:03:05,171][root][INFO] - Producing encodings for passages range: 0 to 2303 (out of total 2303)
[2024-03-13 01:03:07,373][root][INFO] - Encoded passages 160
[2024-03-13 01:03:09,140][root][INFO] - Encoded passages 320
[2024-03-13 01:03:10,892][root][INFO] - Encoded passages 480
[2024-03-13 01:03:12,628][root][INFO] - Encoded passages 640
[2024-03-13 01:03:14,380][root][INFO] - Encoded passages 800
[2024-03-13 01:03:16,123][root][INFO] - Encoded passages 960
[2024-03-13 01:03:17,865][root][INFO] - Encoded passages 1120
[2024-03-13 01:03:19,589][root][INFO] - Encoded passages 1280
[2024-03-13 01:03:21,322][root][INFO] - Encoded passages 1440
[2024-03-13 01:03:23,073][root][INFO] - Encoded passages 1600
[2024-03-13 01:03:24,810][root][INFO] - Encoded passages 1760
[2024-03-13 01:03:26,544][root][INFO] - Encoded passages 1920
[2024-03-13 01:03:28,295][root][INFO] - Encoded passages 2080
[2024-03-13 01:03:30,079][root][INFO] - Encoded passages 2240
[2024-03-13 01:03:30,791][root][INFO] - Writing results to /home/ec2-user/11711-a2/data/context_emb/ctx_emb_papers_0
[2024-03-13 01:03:30,828][root][INFO] - Total passages processed 2303. Written to /home/ec2-user/11711-a2/data/context_emb/ctx_emb_papers_0
