[2024-03-13 00:09:29,661][root][INFO] - CFG's local_rank=-1
[2024-03-13 00:09:29,662][root][INFO] - Env WORLD_SIZE=None
[2024-03-13 00:09:29,662][root][INFO] - Initialized host ip-172-31-67-199.ec2.internal as d.rank -1 on device=cuda, n_gpu=1, world size=1
[2024-03-13 00:09:29,662][root][INFO] - 16-bits training: False 
[2024-03-13 00:09:29,662][root][INFO] - Reading saved model from /home/ec2-user/11711-a2/DPR/dpr/downloads/checkpoint/retriever/multiset/bert-base-encoder.cp
[2024-03-13 00:09:35,347][root][INFO] - model_state_dict keys odict_keys(['model_dict', 'optimizer_dict', 'scheduler_dict', 'offset', 'epoch', 'encoder_params'])
[2024-03-13 00:09:35,347][root][INFO] - CFG:
[2024-03-13 00:09:35,350][root][INFO] - encoder:
  encoder_model_type: hf_bert
  pretrained_model_cfg: bert-base-uncased
  pretrained_file: null
  projection_dim: 0
  sequence_length: 512
  dropout: 0.1
  fix_ctx_encoder: false
  pretrained: true
ctx_sources:
  dpr_wiki:
    _target_: dpr.data.retriever_data.CsvCtxSrc
    file: data.wikipedia_split.psgs_w100
    id_prefix: 'wiki:'
  cmu_lti:
    _target_: dpr.data.retriever_data.CsvCtxSrc
    file: /home/ec2-user/11711-a2/data/chunked_contexts/chunked_doc.tsv
    id_prefix: 'cmu_lti:'
  cmu_lti_papers:
    _target_: dpr.data.retriever_data.CsvCtxSrc
    file: /home/ec2-user/11711-a2/data/chunked_contexts/chunked_doc_papers.tsv
    id_prefix: 'cmu_lti:'
model_file: /home/ec2-user/11711-a2/DPR/dpr/downloads/checkpoint/retriever/multiset/bert-base-encoder.cp
ctx_src: cmu_lti
encoder_type: ctx
out_file: /home/ec2-user/11711-a2/data/context_emb/ctx_emb
do_lower_case: true
shard_id: 0
num_shards: 1
batch_size: 32
tables_as_passages: false
special_tokens: null
tables_chunk_sz: 100
tables_split_type: type1
local_rank: -1
device: cuda
distributed_world_size: 1
distributed_port: null
no_cuda: false
n_gpu: 1
fp16: false
fp16_opt_level: O1

[2024-03-13 00:09:36,265][dpr.models.hf_models][INFO] - Initializing HF BERT Encoder. cfg_name=bert-base-uncased
[2024-03-13 00:09:38,770][dpr.models.hf_models][INFO] - Initializing HF BERT Encoder. cfg_name=bert-base-uncased
[2024-03-13 00:09:39,395][root][INFO] - Loading saved model state ...
[2024-03-13 00:09:39,440][root][INFO] - reading data source: cmu_lti
[2024-03-13 00:09:39,442][dpr.data.retriever_data][INFO] - Reading file /home/ec2-user/11711-a2/data/chunked_contexts/chunked_doc.tsv
[2024-03-13 00:09:39,465][root][INFO] - Producing encodings for passages range: 0 to 2501 (out of total 2501)
[2024-03-13 00:09:41,947][root][INFO] - Encoded passages 160
[2024-03-13 00:09:43,800][root][INFO] - Encoded passages 320
[2024-03-13 00:09:45,651][root][INFO] - Encoded passages 480
[2024-03-13 00:09:47,486][root][INFO] - Encoded passages 640
[2024-03-13 00:09:49,303][root][INFO] - Encoded passages 800
[2024-03-13 00:09:51,070][root][INFO] - Encoded passages 960
[2024-03-13 00:09:52,854][root][INFO] - Encoded passages 1120
[2024-03-13 00:09:54,705][root][INFO] - Encoded passages 1280
[2024-03-13 00:09:56,556][root][INFO] - Encoded passages 1440
[2024-03-13 00:09:58,410][root][INFO] - Encoded passages 1600
[2024-03-13 00:10:00,265][root][INFO] - Encoded passages 1760
[2024-03-13 00:10:02,120][root][INFO] - Encoded passages 1920
[2024-03-13 00:10:03,971][root][INFO] - Encoded passages 2080
[2024-03-13 00:10:05,827][root][INFO] - Encoded passages 2240
[2024-03-13 00:10:07,679][root][INFO] - Encoded passages 2400
[2024-03-13 00:10:08,821][root][INFO] - Writing results to /home/ec2-user/11711-a2/data/context_emb/ctx_emb_0
[2024-03-13 00:10:08,834][root][INFO] - Total passages processed 2501. Written to /home/ec2-user/11711-a2/data/context_emb/ctx_emb_0
