[2024-03-12 19:00:54,346][root][INFO] - CFG's local_rank=-1
[2024-03-12 19:00:54,346][root][INFO] - Env WORLD_SIZE=None
[2024-03-12 19:00:54,346][root][INFO] - Initialized host ip-172-31-67-199.ec2.internal as d.rank -1 on device=cuda, n_gpu=1, world size=1
[2024-03-12 19:00:54,346][root][INFO] - 16-bits training: False 
[2024-03-12 19:00:54,346][root][INFO] - Reading saved model from /home/ec2-user/11711-a2/DPR/dpr/downloads/checkpoint/retriever/multiset/bert-base-encoder.cp
[2024-03-12 19:00:54,616][root][INFO] - model_state_dict keys odict_keys(['model_dict', 'optimizer_dict', 'scheduler_dict', 'offset', 'epoch', 'encoder_params'])
[2024-03-12 19:00:54,617][root][INFO] - CFG (after gpu  configuration):
[2024-03-12 19:00:54,623][root][INFO] - encoder:
  encoder_model_type: hf_bert
  pretrained_model_cfg: bert-base-uncased
  pretrained_file: null
  projection_dim: 0
  sequence_length: 512
  dropout: 0.1
  fix_ctx_encoder: false
  pretrained: true
datasets:
  cmu_qa:
    _target_: dpr.data.retriever_data.CsvQASrc
    file: /home/ec2-user/11711-a2/11711-End-to-end-NLP-System-Building/qa_lst.csv
  cmu_qa_train:
    _target_: dpr.data.retriever_data.CsvQASrc
    file: /home/ec2-user/11711-a2/11711-End-to-end-NLP-System-Building/70B_qa_train.csv
  cmu_qa_dev:
    _target_: dpr.data.retriever_data.CsvQASrc
    file: /home/ec2-user/11711-a2/11711-End-to-end-NLP-System-Building/70B_qa_dev.csv
  nq_test:
    _target_: dpr.data.retriever_data.CsvQASrc
    file: data.retriever.qas.nq-test
  nq_train:
    _target_: dpr.data.retriever_data.CsvQASrc
    file: data.retriever.qas.nq-train
  nq_dev:
    _target_: dpr.data.retriever_data.CsvQASrc
    file: data.retriever.qas.nq-dev
  trivia_test:
    _target_: dpr.data.retriever_data.CsvQASrc
    file: data.retriever.qas.trivia-test
  trivia_train:
    _target_: dpr.data.retriever_data.CsvQASrc
    file: data.retriever.qas.trivia-train
  trivia_dev:
    _target_: dpr.data.retriever_data.CsvQASrc
    file: data.retriever.qas.trivia-dev
  webq_test:
    _target_: dpr.data.retriever_data.CsvQASrc
    file: data.retriever.qas.webq-test
  curatedtrec_test:
    _target_: dpr.data.retriever_data.CsvQASrc
    file: data.retriever.qas.curatedtrec-test
ctx_sources:
  dpr_wiki:
    _target_: dpr.data.retriever_data.CsvCtxSrc
    file: data.wikipedia_split.psgs_w100
    id_prefix: 'wiki:'
  cmu_lti:
    _target_: dpr.data.retriever_data.CsvCtxSrc
    file: /home/ec2-user/11711-a2/11711-End-to-end-NLP-System-Building/chunked_doc.tsv
    id_prefix: 'cmu_lti:'
indexers:
  flat:
    _target_: dpr.indexer.faiss_indexers.DenseFlatIndexer
  hnsw:
    _target_: dpr.indexer.faiss_indexers.DenseHNSWFlatIndexer
  hnsw_sq:
    _target_: dpr.indexer.faiss_indexers.DenseHNSWSQIndexer
qa_dataset: cmu_qa_train
ctx_datatsets:
- cmu_lti
encoded_ctx_files:
- /home/ec2-user/11711-a2/DPR/dpr/workdir/ctx_emb_*
out_file: /home/ec2-user/11711-a2/DPR/dpr/workdir/cmuqa_train_retriever_output.json
match: string
n_docs: 100
validation_workers: 16
batch_size: 128
do_lower_case: true
encoder_path: null
index_path: null
kilt_out_file: null
model_file: /home/ec2-user/11711-a2/DPR/dpr/downloads/checkpoint/retriever/multiset/bert-base-encoder.cp
validate_as_tables: false
rpc_retriever_cfg_file: null
rpc_index_id: null
use_l2_conversion: false
use_rpc_meta: false
rpc_meta_compressed: false
indexer: flat
special_tokens: null
local_rank: -1
global_loss_buf_sz: 150000
device: cuda
distributed_world_size: 1
distributed_port: null
no_cuda: false
n_gpu: 1
fp16: false
fp16_opt_level: O1

[2024-03-12 19:00:55,629][dpr.models.hf_models][INFO] - Initializing HF BERT Encoder. cfg_name=bert-base-uncased
[2024-03-12 19:00:55,750][dpr.models.hf_models][INFO] - Initializing HF BERT Encoder. cfg_name=bert-base-uncased
[2024-03-12 19:00:55,936][root][INFO] - Loading saved model state ...
[2024-03-12 19:00:56,004][root][INFO] - Selecting standard question encoder
[2024-03-12 19:00:56,207][root][INFO] - Encoder vector_size=768
[2024-03-12 19:00:56,207][root][INFO] - qa_dataset: cmu_qa_train
[2024-03-12 19:00:56,239][root][INFO] - questions len 3666
[2024-03-12 19:00:56,239][root][INFO] - questions_text len 0
[2024-03-12 19:00:56,240][root][INFO] - Local Index class <class 'dpr.indexer.faiss_indexers.DenseFlatIndexer'> 
[2024-03-12 19:00:56,240][root][INFO] - Using special token None
[2024-03-12 19:01:24,674][root][INFO] - Encoded queries 3200
[2024-03-12 19:01:28,749][root][INFO] - Total encoded queries tensor torch.Size([3666, 768])
[2024-03-12 19:01:28,751][root][INFO] - ctx_sources: <class 'dpr.data.retriever_data.CsvCtxSrc'>
[2024-03-12 19:01:28,751][root][INFO] - id_prefixes per dataset: ['cmu_lti:']
[2024-03-12 19:01:28,751][root][INFO] - ctx_files_patterns: ['/home/ec2-user/11711-a2/DPR/dpr/workdir/ctx_emb_*']
[2024-03-12 19:01:28,752][root][INFO] - Embeddings files id prefixes: ['cmu_lti:']
[2024-03-12 19:01:28,752][root][INFO] - Reading all passages data from files: ['/home/ec2-user/11711-a2/DPR/dpr/workdir/ctx_emb_0']
[2024-03-12 19:01:28,752][root][INFO] - Reading file /home/ec2-user/11711-a2/DPR/dpr/workdir/ctx_emb_0
[2024-03-12 19:01:28,764][root][INFO] - data indexed 2501
[2024-03-12 19:01:28,764][root][INFO] - Total data indexed 2501
[2024-03-12 19:01:28,764][root][INFO] - Data indexing completed.
[2024-03-12 19:01:28,955][root][INFO] - index search time: 0.190193 sec.
[2024-03-12 19:01:28,955][dpr.data.retriever_data][INFO] - Reading file /home/ec2-user/11711-a2/11711-End-to-end-NLP-System-Building/chunked_doc.tsv
[2024-03-12 19:01:28,977][root][INFO] - Loaded ctx data: 2501
[2024-03-12 19:01:28,977][root][INFO] - validating passages. size=2501
[2024-03-12 19:01:28,977][dpr.data.qa_validation][INFO] - all_docs size 2501
[2024-03-12 19:01:28,978][dpr.data.qa_validation][INFO] - dpr_all_documents size 2501
[2024-03-12 19:01:29,169][dpr.data.qa_validation][INFO] - Matching answers in top docs...
[2024-03-12 19:01:49,719][dpr.data.qa_validation][INFO] - Per question validation results len=3666
[2024-03-12 19:01:49,792][root][INFO] - Validation results: top k documents hits [49, 74, 82, 98, 103, 111, 117, 120, 125, 128, 135, 140, 141, 144, 148, 154, 160, 160, 161, 163, 166, 169, 169, 170, 171, 173, 175, 176, 176, 177, 178, 178, 178, 178, 178, 178, 179, 181, 183, 184, 185, 186, 187, 187, 190, 191, 191, 191, 191, 193, 194, 195, 195, 195, 197, 197, 198, 198, 198, 198, 198, 198, 198, 199, 199, 201, 201, 202, 203, 204, 204, 205, 206, 206, 207, 208, 208, 208, 208, 209, 209, 209, 209, 210, 210, 210, 210, 210, 210, 211, 211, 212, 212, 212, 213, 213, 214, 216, 216, 216]
[2024-03-12 19:01:49,792][root][INFO] - Validation results: top k documents hits accuracy [0.01336606655755592, 0.020185488270594652, 0.02236770321876705, 0.02673213311511184, 0.028096017457719585, 0.030278232405891982, 0.031914893617021274, 0.03273322422258593, 0.03409710856519367, 0.03491543917075832, 0.036824877250409165, 0.038188761593016915, 0.038461538461538464, 0.03927986906710311, 0.040370976541189305, 0.042007637752318604, 0.0436442989634479, 0.0436442989634479, 0.04391707583196945, 0.04446262956901255, 0.045280960174577195, 0.04609929078014184, 0.04609929078014184, 0.0463720676486634, 0.046644844517184945, 0.04719039825422804, 0.04773595199127114, 0.04800872885979269, 0.04800872885979269, 0.04828150572831424, 0.048554282596835786, 0.048554282596835786, 0.048554282596835786, 0.048554282596835786, 0.048554282596835786, 0.048554282596835786, 0.048827059465357335, 0.04937261320240044, 0.04991816693944354, 0.050190943807965085, 0.050463720676486634, 0.05073649754500818, 0.05100927441352973, 0.05100927441352973, 0.05182760501909438, 0.05210038188761593, 0.05210038188761593, 0.05210038188761593, 0.05210038188761593, 0.05264593562465903, 0.05291871249318058, 0.05319148936170213, 0.05319148936170213, 0.05319148936170213, 0.053737043098745226, 0.053737043098745226, 0.054009819967266774, 0.054009819967266774, 0.054009819967266774, 0.054009819967266774, 0.054009819967266774, 0.054009819967266774, 0.054009819967266774, 0.05428259683578832, 0.05428259683578832, 0.05482815057283143, 0.05482815057283143, 0.055100927441352976, 0.055373704309874525, 0.05564648117839607, 0.05564648117839607, 0.05591925804691762, 0.05619203491543917, 0.05619203491543917, 0.05646481178396072, 0.05673758865248227, 0.05673758865248227, 0.05673758865248227, 0.05673758865248227, 0.05701036552100382, 0.05701036552100382, 0.05701036552100382, 0.05701036552100382, 0.057283142389525366, 0.057283142389525366, 0.057283142389525366, 0.057283142389525366, 0.057283142389525366, 0.057283142389525366, 0.057555919258046914, 0.057555919258046914, 0.05782869612656847, 0.05782869612656847, 0.05782869612656847, 0.05810147299509002, 0.05810147299509002, 0.05837424986361157, 0.058919803600654665, 0.058919803600654665, 0.058919803600654665]
[2024-03-12 19:01:53,786][root][INFO] - Saved results * scores  to /home/ec2-user/11711-a2/DPR/dpr/workdir/cmuqa_train_retriever_output.json
