[2024-03-12 20:28:40,939][root][INFO] - CFG's local_rank=-1
[2024-03-12 20:28:40,939][root][INFO] - Env WORLD_SIZE=None
[2024-03-12 20:28:40,939][root][INFO] - Initialized host ip-172-31-67-199.ec2.internal as d.rank -1 on device=cuda, n_gpu=1, world size=1
[2024-03-12 20:28:40,939][root][INFO] - 16-bits training: False 
[2024-03-12 20:28:40,939][root][INFO] - Reading saved model from /home/ec2-user/11711-a2/DPR/dpr/downloads/checkpoint/retriever/multiset/bert-base-encoder.cp
[2024-03-12 20:28:41,212][root][INFO] - model_state_dict keys odict_keys(['model_dict', 'optimizer_dict', 'scheduler_dict', 'offset', 'epoch', 'encoder_params'])
[2024-03-12 20:28:41,212][root][INFO] - CFG (after gpu  configuration):
[2024-03-12 20:28:41,218][root][INFO] - encoder:
  encoder_model_type: hf_bert
  pretrained_model_cfg: bert-base-uncased
  pretrained_file: null
  projection_dim: 0
  sequence_length: 512
  dropout: 0.1
  fix_ctx_encoder: false
  pretrained: true
datasets:
  cmu_qa:
    _target_: dpr.data.retriever_data.CsvQASrc
    file: /home/ec2-user/11711-a2/11711-End-to-end-NLP-System-Building/70B_qa.csv
  cmu_qa_train:
    _target_: dpr.data.retriever_data.CsvQASrc
    file: /home/ec2-user/11711-a2/11711-End-to-end-NLP-System-Building/70B_qa_train.csv
  cmu_qa_dev:
    _target_: dpr.data.retriever_data.CsvQASrc
    file: /home/ec2-user/11711-a2/11711-End-to-end-NLP-System-Building/70B_qa_dev.csv
  nq_test:
    _target_: dpr.data.retriever_data.CsvQASrc
    file: data.retriever.qas.nq-test
  nq_train:
    _target_: dpr.data.retriever_data.CsvQASrc
    file: data.retriever.qas.nq-train
  nq_dev:
    _target_: dpr.data.retriever_data.CsvQASrc
    file: data.retriever.qas.nq-dev
  trivia_test:
    _target_: dpr.data.retriever_data.CsvQASrc
    file: data.retriever.qas.trivia-test
  trivia_train:
    _target_: dpr.data.retriever_data.CsvQASrc
    file: data.retriever.qas.trivia-train
  trivia_dev:
    _target_: dpr.data.retriever_data.CsvQASrc
    file: data.retriever.qas.trivia-dev
  webq_test:
    _target_: dpr.data.retriever_data.CsvQASrc
    file: data.retriever.qas.webq-test
  curatedtrec_test:
    _target_: dpr.data.retriever_data.CsvQASrc
    file: data.retriever.qas.curatedtrec-test
ctx_sources:
  dpr_wiki:
    _target_: dpr.data.retriever_data.CsvCtxSrc
    file: data.wikipedia_split.psgs_w100
    id_prefix: 'wiki:'
  cmu_lti:
    _target_: dpr.data.retriever_data.CsvCtxSrc
    file: /home/ec2-user/11711-a2/11711-End-to-end-NLP-System-Building/chunked_doc.tsv
    id_prefix: 'cmu_lti:'
indexers:
  flat:
    _target_: dpr.indexer.faiss_indexers.DenseFlatIndexer
  hnsw:
    _target_: dpr.indexer.faiss_indexers.DenseHNSWFlatIndexer
  hnsw_sq:
    _target_: dpr.indexer.faiss_indexers.DenseHNSWSQIndexer
qa_dataset: cmu_qa
ctx_datatsets:
- cmu_lti
encoded_ctx_files:
- /home/ec2-user/11711-a2/DPR/dpr/workdir/ctx_emb_*
out_file: /home/ec2-user/11711-a2/11711-End-to-end-NLP-System-Building/cmuqa_retriever_output.json
match: string
n_docs: 20
validation_workers: 16
batch_size: 128
do_lower_case: true
encoder_path: null
index_path: null
kilt_out_file: null
model_file: /home/ec2-user/11711-a2/DPR/dpr/downloads/checkpoint/retriever/multiset/bert-base-encoder.cp
validate_as_tables: false
rpc_retriever_cfg_file: null
rpc_index_id: null
use_l2_conversion: false
use_rpc_meta: false
rpc_meta_compressed: false
indexer: flat
special_tokens: null
local_rank: -1
global_loss_buf_sz: 150000
device: cuda
distributed_world_size: 1
distributed_port: null
no_cuda: false
n_gpu: 1
fp16: false
fp16_opt_level: O1

[2024-03-12 20:28:42,221][dpr.models.hf_models][INFO] - Initializing HF BERT Encoder. cfg_name=bert-base-uncased
[2024-03-12 20:28:42,359][dpr.models.hf_models][INFO] - Initializing HF BERT Encoder. cfg_name=bert-base-uncased
[2024-03-12 20:28:42,559][root][INFO] - Loading saved model state ...
[2024-03-12 20:28:42,632][root][INFO] - Selecting standard question encoder
[2024-03-12 20:28:42,826][root][INFO] - Encoder vector_size=768
[2024-03-12 20:28:42,826][root][INFO] - qa_dataset: cmu_qa
[2024-03-12 20:28:42,965][root][INFO] - questions len 17366
[2024-03-12 20:28:42,965][root][INFO] - questions_text len 0
[2024-03-12 20:28:42,966][root][INFO] - Local Index class <class 'dpr.indexer.faiss_indexers.DenseFlatIndexer'> 
[2024-03-12 20:28:42,966][root][INFO] - Using special token None
[2024-03-12 20:29:11,617][root][INFO] - Encoded queries 3200
[2024-03-12 20:29:39,906][root][INFO] - Encoded queries 6400
[2024-03-12 20:30:08,226][root][INFO] - Encoded queries 9600
[2024-03-12 20:30:36,498][root][INFO] - Encoded queries 12800
[2024-03-12 20:31:04,798][root][INFO] - Encoded queries 16000
[2024-03-12 20:31:16,900][root][INFO] - Total encoded queries tensor torch.Size([17366, 768])
[2024-03-12 20:31:16,906][root][INFO] - ctx_sources: <class 'dpr.data.retriever_data.CsvCtxSrc'>
[2024-03-12 20:31:16,906][root][INFO] - id_prefixes per dataset: ['cmu_lti:']
[2024-03-12 20:31:16,906][root][INFO] - ctx_files_patterns: ['/home/ec2-user/11711-a2/DPR/dpr/workdir/ctx_emb_*']
[2024-03-12 20:31:16,906][root][INFO] - Embeddings files id prefixes: ['cmu_lti:']
[2024-03-12 20:31:16,906][root][INFO] - Reading all passages data from files: ['/home/ec2-user/11711-a2/DPR/dpr/workdir/ctx_emb_0']
[2024-03-12 20:31:16,906][root][INFO] - Reading file /home/ec2-user/11711-a2/DPR/dpr/workdir/ctx_emb_0
[2024-03-12 20:31:16,918][root][INFO] - data indexed 2501
[2024-03-12 20:31:16,918][root][INFO] - Total data indexed 2501
[2024-03-12 20:31:16,918][root][INFO] - Data indexing completed.
[2024-03-12 20:31:17,486][root][INFO] - index search time: 0.567064 sec.
[2024-03-12 20:31:17,486][dpr.data.retriever_data][INFO] - Reading file /home/ec2-user/11711-a2/11711-End-to-end-NLP-System-Building/chunked_doc.tsv
[2024-03-12 20:31:17,509][root][INFO] - Loaded ctx data: 2501
[2024-03-12 20:31:17,509][root][INFO] - validating passages. size=2501
[2024-03-12 20:31:17,510][dpr.data.qa_validation][INFO] - all_docs size 2501
[2024-03-12 20:31:17,510][dpr.data.qa_validation][INFO] - dpr_all_documents size 2501
[2024-03-12 20:31:17,734][dpr.data.qa_validation][INFO] - Matching answers in top docs...
[2024-03-12 20:31:36,956][dpr.data.qa_validation][INFO] - Per question validation results len=17366
[2024-03-12 20:31:37,040][root][INFO] - Validation results: top k documents hits [1049, 1514, 1806, 1995, 2156, 2299, 2414, 2531, 2624, 2700, 2774, 2839, 2934, 2995, 3051, 3112, 3163, 3215, 3280, 3331]
[2024-03-12 20:31:37,041][root][INFO] - Validation results: top k documents hits accuracy [0.06040538984222043, 0.08718184959115513, 0.103996314637798, 0.11487964989059081, 0.1241506391800069, 0.1323851203501094, 0.13900725555683519, 0.1457445583323736, 0.15109985028216055, 0.1554762178970402, 0.15973741794310722, 0.16348036392951745, 0.16895082344811702, 0.172463434296902, 0.17568812622365543, 0.1792007370724404, 0.18213751007716228, 0.18513186686629046, 0.1888748128527007, 0.19181158585742256]
[2024-03-12 20:31:41,075][root][INFO] - Saved results * scores  to /home/ec2-user/11711-a2/11711-End-to-end-NLP-System-Building/cmuqa_retriever_output.json
